     name     |      refbands       
--------------+---------------------
 ZTF19aavhypb | {ZTF_g}
 ZTF19aaxfzao | {ZTF_g}
 ZTF19abyhxzp | {ZTF_g}
 ZTF20aawoojh | {ZTF_g}
 ZTF20aaxfzhw | {ZTF_g}
 ZTF20aaxmtxg | {ZTF_g}
 ZTF20aaxuwuh | {ZTF_g}
 ZTF20aaywban | {ZTF_g}
 ZTF20aazhtvi | {ZTF_g}
 ZTF20aazhzna | {ZTF_g}
 ZTF20abyzbxa | {ZTF_g}
 ZTF21aajtszm | {ZTF_g}
 ZTF21abfflmp | {ZTF_g}
 ZTF21abhuqpe | {ZTF_g}
 ZTF18abwkzuc | {ZTF_g,ZTF_r}
 ZTF18aceyjco | {ZTF_g,ZTF_r}
 ZTF18acmyxfx | {ZTF_g,ZTF_r}
 ZTF18acnbenl | {ZTF_g,ZTF_r}
 ZTF18acpuxuh | {ZTF_g,ZTF_r}
 ZTF18acqqyah | {ZTF_g,ZTF_r}
 ZTF18acqsfxh | {ZTF_g,ZTF_r}
 ZTF18acsohut | {ZTF_g,ZTF_r}
 ZTF18acspjqd | {ZTF_g,ZTF_r}
 ZTF18acsxpmp | {ZTF_g,ZTF_r}
 ZTF18acusbyf | {ZTF_g,ZTF_r}
 ZTF18acxyarg | {ZTF_g,ZTF_r}
 ZTF18acynmcp | {ZTF_g,ZTF_r}
 ZTF19aabvfwn | {ZTF_g,ZTF_r}
 ZTF19aacijie | {ZTF_g,ZTF_r}
 ZTF19aaekvhn | {ZTF_g,ZTF_r}
 ZTF19aafmfxg | {ZTF_g,ZTF_r}
 ZTF19aafmhcl | {ZTF_g,ZTF_r}
 ZTF19aafwrhf | {ZTF_g,ZTF_r}
 ZTF19aaknign | {ZTF_g,ZTF_r}
 ZTF19aaluprf | {ZTF_g,ZTF_r}
 ZTF19aamfxby | {ZTF_g,ZTF_r}
 ZTF19aamkywr | {ZTF_g,ZTF_r}
 ZTF19aammewd | {ZTF_g,ZTF_r}
 ZTF19aanejfr | {ZTF_g,ZTF_r}
 ZTF19aanesxt | {ZTF_g,ZTF_r}
 ZTF19aanxrkt | {ZTF_g,ZTF_r}
 ZTF19aaojnrx | {ZTF_g,ZTF_r}
 ZTF19aapcvdi | {ZTF_g,ZTF_r}
 ZTF19aapcvxi | {ZTF_g,ZTF_r}
 ZTF19aaptwpu | {ZTF_g,ZTF_r}
 ZTF19aarmtgu | {ZTF_g,ZTF_r}
 ZTF19aauplxw | {ZTF_g,ZTF_r}
 ZTF19aauvjws | {ZTF_g,ZTF_r}
 ZTF19aavhxby | {ZTF_g,ZTF_r}
 ZTF19aavmlqh | {ZTF_g,ZTF_r}
 ZTF19aavounq | {ZTF_g,ZTF_r}
 ZTF19aavsahh | {ZTF_g,ZTF_r}
 ZTF19aawhniz | {ZTF_g,ZTF_r}
 ZTF19aawnqoj | {ZTF_g,ZTF_r}
 ZTF19aawrumx | {ZTF_g,ZTF_r}
 ZTF19aaxffum | {ZTF_g,ZTF_r}
 ZTF19aazdirb | {ZTF_g,ZTF_r}
 ZTF20abfhway | {ZTF_g,ZTF_r}
 ZTF20abjbiqf | {ZTF_g,ZTF_r}
 ZTF20abjwuuv | {ZTF_g,ZTF_r}
 ZTF20abmcwtd | {ZTF_g,ZTF_r}
 ZTF20abowpvf | {ZTF_g,ZTF_r}
 ZTF20abpuijn | {ZTF_g,ZTF_r}
 ZTF20abqlgtv | {ZTF_g,ZTF_r}
 ZTF20abrdvpj | {ZTF_g,ZTF_r}
 ZTF20abvykmy | {ZTF_g,ZTF_r}
 ZTF20abwktfx | {ZTF_g,ZTF_r}
 ZTF20abyfgri | {ZTF_g,ZTF_r}
 ZTF20abypkpz | {ZTF_g,ZTF_r}
 ZTF20abyskia | {ZTF_g,ZTF_r}
 ZTF20abyxuky | {ZTF_g,ZTF_r}
 ZTF20abyyfmw | {ZTF_g,ZTF_r}
 ZTF20acberfr | {ZTF_g,ZTF_r}
 ZTF20acbttnt | {ZTF_g,ZTF_r}
 ZTF20acchxpm | {ZTF_g,ZTF_r}
 ZTF20acfnuee | {ZTF_g,ZTF_r}
 ZTF20achbkud | {ZTF_g,ZTF_r}
 ZTF20achncxi | {ZTF_g,ZTF_r}
 ZTF20aciaxil | {ZTF_g,ZTF_r}
 ZTF20acikuon | {ZTF_g,ZTF_r}
 ZTF20aciuakv | {ZTF_g,ZTF_r}
 ZTF20acizliy | {ZTF_g,ZTF_r}
 ZTF20acjetyf | {ZTF_g,ZTF_r}
 ZTF20acjhhqx | {ZTF_g,ZTF_r}
 ZTF20aclgnds | {ZTF_g,ZTF_r}
 ZTF20acnsinb | {ZTF_g,ZTF_r}
 ZTF20acnyxln | {ZTF_g,ZTF_r}
 ZTF20acobxlz | {ZTF_g,ZTF_r}
 ZTF20acordqz | {ZTF_g,ZTF_r}
 ZTF20acowata | {ZTF_g,ZTF_r}
 ZTF20acowpur | {ZTF_g,ZTF_r}
 ZTF20acowuix | {ZTF_g,ZTF_r}
 ZTF20acoxdas | {ZTF_g,ZTF_r}
 ZTF20acoxmsr | {ZTF_g,ZTF_r}
 ZTF20acphcdv | {ZTF_g,ZTF_r}
 ZTF20acpjfln | {ZTF_g,ZTF_r}
 ZTF20acpknjk | {ZTF_g,ZTF_r}
 ZTF20acpumut | {ZTF_g,ZTF_r}
 ZTF20acquetr | {ZTF_g,ZTF_r}
 ZTF20acqzjqz | {ZTF_g,ZTF_r}
 ZTF20acrhrcy | {ZTF_g,ZTF_r}
 ZTF20acsdykp | {ZTF_g,ZTF_r}
 ZTF20acsesce | {ZTF_g,ZTF_r}
 ZTF20acuimtq | {ZTF_g,ZTF_r}
 ZTF20aculruc | {ZTF_g,ZTF_r}
 ZTF20acvagdq | {ZTF_g,ZTF_r}
 ZTF20acwoamm | {ZTF_g,ZTF_r}
 ZTF20acwomqh | {ZTF_g,ZTF_r}
 ZTF20acxtewc | {ZTF_g,ZTF_r}
 ZTF20acywbes | {ZTF_g,ZTF_r}
 ZTF20acywefl | {ZTF_g,ZTF_r}
 ZTF20adadmsg | {ZTF_g,ZTF_r}
 ZTF20adadshh | {ZTF_g,ZTF_r}
 ZTF21aabvdjw | {ZTF_g,ZTF_r}
 ZTF21aacscvb | {ZTF_g,ZTF_r}
 ZTF21aaezixn | {ZTF_g,ZTF_r}
 ZTF21aagvmqr | {ZTF_g,ZTF_r}
 ZTF21aahvuvi | {ZTF_g,ZTF_r}
 ZTF21aahzspd | {ZTF_g,ZTF_r}
 ZTF21aajdbhw | {ZTF_g,ZTF_r}
 ZTF21aakzmaq | {ZTF_g,ZTF_r}
 ZTF21aaloalc | {ZTF_g,ZTF_r}
 ZTF21aamesud | {ZTF_g,ZTF_r}
 ZTF21aamiukc | {ZTF_g,ZTF_r}
 ZTF21aamuniy | {ZTF_g,ZTF_r}
 ZTF21aaodljj | {ZTF_g,ZTF_r}
 ZTF21aaovdlh | {ZTF_g,ZTF_r}
 ZTF21aapehpx | {ZTF_g,ZTF_r}
 ZTF21aapkfjx | {ZTF_g,ZTF_r}
 ZTF21aapowty | {ZTF_g,ZTF_r}
 ZTF21aaqvuyf | {ZTF_g,ZTF_r}
 ZTF21aarrwdu | {ZTF_g,ZTF_r}
 ZTF21aastazz | {ZTF_g,ZTF_r}
 ZTF21aasyzkt | {ZTF_g,ZTF_r}
 ZTF21aauamtx | {ZTF_g,ZTF_r}
 ZTF21aaxgzln | {ZTF_g,ZTF_r}
 ZTF21aayggyo | {ZTF_g,ZTF_r}
 ZTF21abaaipx | {ZTF_g,ZTF_r}
 ZTF21abbliav | {ZTF_g,ZTF_r}
 ZTF21abbzcxe | {ZTF_g,ZTF_r}
 ZTF21abcrhpk | {ZTF_g,ZTF_r}
 ZTF21abhthvj | {ZTF_g,ZTF_r}
 ZTF21abienbe | {ZTF_g,ZTF_r}
 ZTF21abulrsl | {ZTF_g,ZTF_r}
 ZTF21abuxuxj | {ZTF_g,ZTF_r}
 ZTF21abvrlup | {ZTF_g,ZTF_r}
 ZTF21abvxguf | {ZTF_g,ZTF_r}
 ZTF21abwtnzp | {ZTF_g,ZTF_r}
 ZTF21abybnni | {ZTF_g,ZTF_r}
 ZTF21abylukk | {ZTF_g,ZTF_r}
 ZTF21abyvjeq | {ZTF_g,ZTF_r}
 ZTF21abzkgvc | {ZTF_g,ZTF_r}
 ZTF21acaspdb | {ZTF_g,ZTF_r}
 ZTF21acbvwej | {ZTF_g,ZTF_r}
 ZTF21acbxtir | {ZTF_g,ZTF_r}
 ZTF21acbxtqq | {ZTF_g,ZTF_r}
 ZTF21acdwvwo | {ZTF_g,ZTF_r}
 ZTF21aceqgbv | {ZTF_g,ZTF_r}
 ZTF21acfiqtd | {ZTF_g,ZTF_r}
 ZTF21achjwus | {ZTF_g,ZTF_r}
 ZTF21acinvvh | {ZTF_g,ZTF_r}
 ZTF21acipofv | {ZTF_g,ZTF_r}
 ZTF21acjnzdh | {ZTF_g,ZTF_r}
 ZTF18abkhcwl | {ZTF_g,ZTF_r,ZTF_i}
 ZTF18abkudjo | {ZTF_g,ZTF_r,ZTF_i}
 ZTF18ablongw | {ZTF_g,ZTF_r,ZTF_i}
 ZTF18ablqlzp | {ZTF_g,ZTF_r,ZTF_i}
 ZTF18ablrljh | {ZTF_g,ZTF_r,ZTF_i}
 ZTF18ablwtkf | {ZTF_g,ZTF_r,ZTF_i}
 ZTF18abmjvpb | {ZTF_g,ZTF_r,ZTF_i}
 ZTF18abmkaps | {ZTF_g,ZTF_r,ZTF_i}
 ZTF18abmmdif | {ZTF_g,ZTF_r,ZTF_i}
 ZTF18abmxahs | {ZTF_g,ZTF_r,ZTF_i}
 ZTF18abobkii | {ZTF_g,ZTF_r,ZTF_i}
 ZTF18abpaywm | {ZTF_g,ZTF_r,ZTF_i}
 ZTF18abqlpgq | {ZTF_g,ZTF_r,ZTF_i}
 ZTF18abqyaix | {ZTF_g,ZTF_r,ZTF_i}
 ZTF18abrfccm | {ZTF_g,ZTF_r,ZTF_i}
 ZTF18abrzeym | {ZTF_g,ZTF_r,ZTF_i}
 ZTF18abxhsyn | {ZTF_g,ZTF_r,ZTF_i}
 ZTF18acbxmvy | {ZTF_g,ZTF_r,ZTF_i}
 ZTF18acqsztr | {ZTF_g,ZTF_r,ZTF_i}
 ZTF18acrxppd | {ZTF_g,ZTF_r,ZTF_i}
 ZTF18acusrws | {ZTF_g,ZTF_r,ZTF_i}
 ZTF18acwwowy | {ZTF_g,ZTF_r,ZTF_i}
 ZTF18acybdar | {ZTF_g,ZTF_r,ZTF_i}
 ZTF19aaarhtg | {ZTF_g,ZTF_r,ZTF_i}
 ZTF19aacivvy | {ZTF_g,ZTF_r,ZTF_i}
 ZTF19aaeopqn | {ZTF_g,ZTF_r,ZTF_i}
 ZTF19aaeoqkk | {ZTF_g,ZTF_r,ZTF_i}
 ZTF19aaeoqst | {ZTF_g,ZTF_r,ZTF_i}
 ZTF19aagmsrr | {ZTF_g,ZTF_r,ZTF_i}
 ZTF19aailqli | {ZTF_g,ZTF_r,ZTF_i}
 ZTF19aailteb | {ZTF_g,ZTF_r,ZTF_i}
 ZTF19aajwhbc | {ZTF_g,ZTF_r,ZTF_i}
 ZTF19aakiyly | {ZTF_g,ZTF_r,ZTF_i}
 ZTF19aakljys | {ZTF_g,ZTF_r,ZTF_i}
 ZTF19aaldqvh | {ZTF_g,ZTF_r,ZTF_i}
 ZTF19aalveag | {ZTF_g,ZTF_r,ZTF_i}
 ZTF19aalzmmt | {ZTF_g,ZTF_r,ZTF_i}
 ZTF19aamhhae | {ZTF_g,ZTF_r,ZTF_i}
 ZTF19aamhhyo | {ZTF_g,ZTF_r,ZTF_i}
 ZTF19aamooex | {ZTF_g,ZTF_r,ZTF_i}
 ZTF19aanhgqg | {ZTF_g,ZTF_r,ZTF_i}
 ZTF19aanmclt | {ZTF_g,ZTF_r,ZTF_i}
 ZTF19aanmdsr | {ZTF_g,ZTF_r,ZTF_i}
 ZTF19aansyyn | {ZTF_g,ZTF_r,ZTF_i}
 ZTF19aanuipr | {ZTF_g,ZTF_r,ZTF_i}
 ZTF19aanuuen | {ZTF_g,ZTF_r,ZTF_i}
 ZTF19aaobwpx | {ZTF_g,ZTF_r,ZTF_i}
 ZTF19aaomkvl | {ZTF_g,ZTF_r,ZTF_i}
 ZTF19aaphntn | {ZTF_g,ZTF_r,ZTF_i}
 ZTF19aapnzde | {ZTF_g,ZTF_r,ZTF_i}
 ZTF19aapszzy | {ZTF_g,ZTF_r,ZTF_i}
 ZTF19aapvhhp | {ZTF_g,ZTF_r,ZTF_i}
 ZTF19aaqtcmy | {ZTF_g,ZTF_r,ZTF_i}
 ZTF19aaqtyku | {ZTF_g,ZTF_r,ZTF_i}
 ZTF19aardunx | {ZTF_g,ZTF_r,ZTF_i}
 ZTF19aarfnto | {ZTF_g,ZTF_r,ZTF_i}
 ZTF19aarprog | {ZTF_g,ZTF_r,ZTF_i}
 ZTF19aatgwhs | {ZTF_g,ZTF_r,ZTF_i}
 ZTF19aatgznl | {ZTF_g,ZTF_r,ZTF_i}
 ZTF19aathcvn | {ZTF_g,ZTF_r,ZTF_i}
 ZTF19aatlmbo | {ZTF_g,ZTF_r,ZTF_i}
 ZTF19aauhhjy | {ZTF_g,ZTF_r,ZTF_i}
 ZTF19aauhwbp | {ZTF_g,ZTF_r,ZTF_i}
 ZTF19aauitks | {ZTF_g,ZTF_r,ZTF_i}
 ZTF19aaumvig | {ZTF_g,ZTF_r,ZTF_i}
 ZTF19aaurstb | {ZTF_g,ZTF_r,ZTF_i}
 ZTF19aavnxwj | {ZTF_g,ZTF_r,ZTF_i}
 ZTF19aawafvn | {ZTF_g,ZTF_r,ZTF_i}
 ZTF19aawmqtd | {ZTF_g,ZTF_r,ZTF_i}
 ZTF19aawqckx | {ZTF_g,ZTF_r,ZTF_i}
 ZTF19aawyepw | {ZTF_g,ZTF_r,ZTF_i}
 ZTF19aaycomi | {ZTF_g,ZTF_r,ZTF_i}
 ZTF19aayslow | {ZTF_g,ZTF_r,ZTF_i}
 ZTF19aazgdss | {ZTF_g,ZTF_r,ZTF_i}
 ZTF19aazxcvl | {ZTF_g,ZTF_r,ZTF_i}
 ZTF20abapyxl | {ZTF_g,ZTF_r,ZTF_i}
 ZTF20abcgjvq | {ZTF_g,ZTF_r,ZTF_i}
 ZTF20abefzfc | {ZTF_g,ZTF_r,ZTF_i}
 ZTF20abegate | {ZTF_g,ZTF_r,ZTF_i}
 ZTF20abegopd | {ZTF_g,ZTF_r,ZTF_i}
 ZTF20abeljuj | {ZTF_g,ZTF_r,ZTF_i}
 ZTF20abgdtmv | {ZTF_g,ZTF_r,ZTF_i}
 ZTF20abgfvav | {ZTF_g,ZTF_r,ZTF_i}
 ZTF20abguygh | {ZTF_g,ZTF_r,ZTF_i}
 ZTF20abhmnom | {ZTF_g,ZTF_r,ZTF_i}
 ZTF20abixkhh | {ZTF_g,ZTF_r,ZTF_i}
 ZTF20abjxwga | {ZTF_g,ZTF_r,ZTF_i}
 ZTF20abkcril | {ZTF_g,ZTF_r,ZTF_i}
 ZTF20abkzhpk | {ZTF_g,ZTF_r,ZTF_i}
 ZTF20ablnjvp | {ZTF_g,ZTF_r,ZTF_i}
 ZTF20abnmahn | {ZTF_g,ZTF_r,ZTF_i}
 ZTF20abpeyat | {ZTF_g,ZTF_r,ZTF_i}
 ZTF20abpqdgh | {ZTF_g,ZTF_r,ZTF_i}
 ZTF20abqefja | {ZTF_g,ZTF_r,ZTF_i}
 ZTF20abqgzhh | {ZTF_g,ZTF_r,ZTF_i}
 ZTF20abqlawg | {ZTF_g,ZTF_r,ZTF_i}
 ZTF20absfrbq | {ZTF_g,ZTF_r,ZTF_i}
 ZTF20absvtnc | {ZTF_g,ZTF_r,ZTF_i}
 ZTF20abswjae | {ZTF_g,ZTF_r,ZTF_i}
 ZTF20abtfnpl | {ZTF_g,ZTF_r,ZTF_i}
 ZTF20abweedo | {ZTF_g,ZTF_r,ZTF_i}
 ZTF20abxezim | {ZTF_g,ZTF_r,ZTF_i}
 ZTF20abxgwjr | {ZTF_g,ZTF_r,ZTF_i}
 ZTF20abxjefm | {ZTF_g,ZTF_r,ZTF_i}
 ZTF20abyiycy | {ZTF_g,ZTF_r,ZTF_i}
 ZTF20abyqdyg | {ZTF_g,ZTF_r,ZTF_i}
 ZTF20abywspv | {ZTF_g,ZTF_r,ZTF_i}
 ZTF20abzvxyk | {ZTF_g,ZTF_r,ZTF_i}
 ZTF20acajvrj | {ZTF_g,ZTF_r,ZTF_i}
 ZTF20acfasbq | {ZTF_g,ZTF_r,ZTF_i}
 ZTF20acfvsze | {ZTF_g,ZTF_r,ZTF_i}
 ZTF20acgpqqr | {ZTF_g,ZTF_r,ZTF_i}
 ZTF20achksbc | {ZTF_g,ZTF_r,ZTF_i}
 ZTF20achzugy | {ZTF_g,ZTF_r,ZTF_i}
 ZTF20acoaqpm | {ZTF_g,ZTF_r,ZTF_i}
 ZTF20acoyvdg | {ZTF_g,ZTF_r,ZTF_i}
 ZTF20acpkjsn | {ZTF_g,ZTF_r,ZTF_i}
 ZTF20acqzpta | {ZTF_g,ZTF_r,ZTF_i}
 ZTF20acselme | {ZTF_g,ZTF_r,ZTF_i}
 ZTF20acvbrbv | {ZTF_g,ZTF_r,ZTF_i}
 ZTF20acvkjrm | {ZTF_g,ZTF_r,ZTF_i}
 ZTF20acwfanr | {ZTF_g,ZTF_r,ZTF_i}
 ZTF20acxncha | {ZTF_g,ZTF_r,ZTF_i}
 ZTF20acyrodl | {ZTF_g,ZTF_r,ZTF_i}
 ZTF21aaabaey | {ZTF_g,ZTF_r,ZTF_i}
 ZTF21aaabviz | {ZTF_g,ZTF_r,ZTF_i}
 ZTF21aaabvjk | {ZTF_g,ZTF_r,ZTF_i}
 ZTF21aaabzsj | {ZTF_g,ZTF_r,ZTF_i}
 ZTF21aaahyjj | {ZTF_g,ZTF_r,ZTF_i}
 ZTF21aaaotku | {ZTF_g,ZTF_r,ZTF_i}
 ZTF21aaaoviv | {ZTF_g,ZTF_r,ZTF_i}
 ZTF21aagqcnl | {ZTF_g,ZTF_r,ZTF_i}
 ZTF21aagtcgb | {ZTF_g,ZTF_r,ZTF_i}
 ZTF21aagtqgz | {ZTF_g,ZTF_r,ZTF_i}
 ZTF21aagtuzm | {ZTF_g,ZTF_r,ZTF_i}
 ZTF21aagycmk | {ZTF_g,ZTF_r,ZTF_i}
 ZTF21aahkvem | {ZTF_g,ZTF_r,ZTF_i}
 ZTF21aakildf | {ZTF_g,ZTF_r,ZTF_i}
 ZTF21aalcsng | {ZTF_g,ZTF_r,ZTF_i}
 ZTF21aalimtr | {ZTF_g,ZTF_r,ZTF_i}
 ZTF21aalkknw | {ZTF_g,ZTF_r,ZTF_i}
 ZTF21aalxurs | {ZTF_g,ZTF_r,ZTF_i}
 ZTF21aamgcrv | {ZTF_g,ZTF_r,ZTF_i}
 ZTF21aamgrtx | {ZTF_g,ZTF_r,ZTF_i}
 ZTF21aamgrxm | {ZTF_g,ZTF_r,ZTF_i}
 ZTF21aanrvcq | {ZTF_g,ZTF_r,ZTF_i}
 ZTF21aantxma | {ZTF_g,ZTF_r,ZTF_i}
 ZTF21aanwfjk | {ZTF_g,ZTF_r,ZTF_i}
 ZTF21aaopqqk | {ZTF_g,ZTF_r,ZTF_i}
 ZTF21aapfpod | {ZTF_g,ZTF_r,ZTF_i}
 ZTF21aapjcqb | {ZTF_g,ZTF_r,ZTF_i}
 ZTF21aaplfah | {ZTF_g,ZTF_r,ZTF_i}
 ZTF21aaptouk | {ZTF_g,ZTF_r,ZTF_i}
 ZTF21aapvsxv | {ZTF_g,ZTF_r,ZTF_i}
 ZTF21aapvxnf | {ZTF_g,ZTF_r,ZTF_i}
 ZTF21aaqztcg | {ZTF_g,ZTF_r,ZTF_i}
 ZTF21aarcldd | {ZTF_g,ZTF_r,ZTF_i}
 ZTF21aarhzdh | {ZTF_g,ZTF_r,ZTF_i}
 ZTF21aarjczf | {ZTF_g,ZTF_r,ZTF_i}
 ZTF21aarojxa | {ZTF_g,ZTF_r,ZTF_i}
 ZTF21aarrplo | {ZTF_g,ZTF_r,ZTF_i}
 ZTF21aasctwo | {ZTF_g,ZTF_r,ZTF_i}
 ZTF21aasgffc | {ZTF_g,ZTF_r,ZTF_i}
 ZTF21aaswtok | {ZTF_g,ZTF_r,ZTF_i}
 ZTF21aatdzmt | {ZTF_g,ZTF_r,ZTF_i}
 ZTF21aatklhw | {ZTF_g,ZTF_r,ZTF_i}
 ZTF21aaunadg | {ZTF_g,ZTF_r,ZTF_i}
 ZTF21aavhlok | {ZTF_g,ZTF_r,ZTF_i}
 ZTF21aavotzn | {ZTF_g,ZTF_r,ZTF_i}
 ZTF21aavqwhh | {ZTF_g,ZTF_r,ZTF_i}
 ZTF21aawiwqh | {ZTF_g,ZTF_r,ZTF_i}
 ZTF21aawtewf | {ZTF_g,ZTF_r,ZTF_i}
 ZTF21aaxyecd | {ZTF_g,ZTF_r,ZTF_i}
 ZTF21aaxzbrn | {ZTF_g,ZTF_r,ZTF_i}
 ZTF21aayquba | {ZTF_g,ZTF_r,ZTF_i}
 ZTF21aayyxum | {ZTF_g,ZTF_r,ZTF_i}
 ZTF21aazcjbh | {ZTF_g,ZTF_r,ZTF_i}
 ZTF21aazlxiw | {ZTF_g,ZTF_r,ZTF_i}
 ZTF21abaphri | {ZTF_g,ZTF_r,ZTF_i}
 ZTF21abasxdp | {ZTF_g,ZTF_r,ZTF_i}
 ZTF21abbsbov | {ZTF_g,ZTF_r,ZTF_i}
 ZTF21abbzqvv | {ZTF_g,ZTF_r,ZTF_i}
 ZTF21abcbwke | {ZTF_g,ZTF_r,ZTF_i}
 ZTF21abcfgub | {ZTF_g,ZTF_r,ZTF_i}
 ZTF21abchdql | {ZTF_g,ZTF_r,ZTF_i}
 ZTF21abcmjdy | {ZTF_g,ZTF_r,ZTF_i}
 ZTF21abcnpnk | {ZTF_g,ZTF_r,ZTF_i}
 ZTF21abcouxj | {ZTF_g,ZTF_r,ZTF_i}
 ZTF21abcpazz | {ZTF_g,ZTF_r,ZTF_i}
 ZTF21abcrhbt | {ZTF_g,ZTF_r,ZTF_i}
 ZTF21abcwsho | {ZTF_g,ZTF_r,ZTF_i}
 ZTF21abczjhy | {ZTF_g,ZTF_r,ZTF_i}
 ZTF21abdlyrc | {ZTF_g,ZTF_r,ZTF_i}
 ZTF21abedvkp | {ZTF_g,ZTF_r,ZTF_i}
 ZTF21abeokcr | {ZTF_g,ZTF_r,ZTF_i}
 ZTF21abfjrjy | {ZTF_g,ZTF_r,ZTF_i}
 ZTF21abflgpq | {ZTF_g,ZTF_r,ZTF_i}
 ZTF21abfxjik | {ZTF_g,ZTF_r,ZTF_i}
 ZTF21abgmyzw | {ZTF_g,ZTF_r,ZTF_i}
 ZTF21abhtaiv | {ZTF_g,ZTF_r,ZTF_i}
 ZTF21abiawpf | {ZTF_g,ZTF_r,ZTF_i}
 ZTF21abicabp | {ZTF_g,ZTF_r,ZTF_i}
 ZTF21abifxhe | {ZTF_g,ZTF_r,ZTF_i}
 ZTF21abisowq | {ZTF_g,ZTF_r,ZTF_i}
 ZTF21abufayv | {ZTF_g,ZTF_r,ZTF_i}
 ZTF21abujefa | {ZTF_g,ZTF_r,ZTF_i}
 ZTF21abukrln | {ZTF_g,ZTF_r,ZTF_i}
 ZTF21abvbihc | {ZTF_g,ZTF_r,ZTF_i}
 ZTF21abwprfg | {ZTF_g,ZTF_r,ZTF_i}
 ZTF21abwzpgf | {ZTF_g,ZTF_r,ZTF_i}
 ZTF21abxlpkc | {ZTF_g,ZTF_r,ZTF_i}
 ZTF21abxzzys | {ZTF_g,ZTF_r,ZTF_i}
 ZTF21abywdxt | {ZTF_g,ZTF_r,ZTF_i}
 ZTF21abzxkyv | {ZTF_g,ZTF_r,ZTF_i}
 ZTF21abzywja | {ZTF_g,ZTF_r,ZTF_i}
 ZTF21acasrer | {ZTF_g,ZTF_r,ZTF_i}
 ZTF21acclizu | {ZTF_g,ZTF_r,ZTF_i}
 ZTF21accteto | {ZTF_g,ZTF_r,ZTF_i}
 ZTF21acdkxcr | {ZTF_g,ZTF_r,ZTF_i}
 ZTF21acenkuf | {ZTF_g,ZTF_r,ZTF_i}
 ZTF21acfslmr | {ZTF_g,ZTF_r,ZTF_i}
 ZTF21achiyue | {ZTF_g,ZTF_r,ZTF_i}
 ZTF21acimjvp | {ZTF_g,ZTF_r,ZTF_i}
 ZTF21acincqb | {ZTF_g,ZTF_r,ZTF_i}
 ZTF21acindcq | {ZTF_g,ZTF_r,ZTF_i}
 ZTF21acisemu | {ZTF_g,ZTF_r,ZTF_i}
 ZTF21aciuhyy | {ZTF_g,ZTF_r,ZTF_i}
 ZTF21acjcwyn | {ZTF_g,ZTF_r,ZTF_i}
 ZTF21acjgafq | {ZTF_g,ZTF_r,ZTF_i}
 ZTF21acjotip | {ZTF_g,ZTF_r,ZTF_i}
 ZTF21acmresp | {ZTF_g,ZTF_r,ZTF_i}
 ZTF19aanmeyw | {ZTF_r}
 ZTF19aarhxgn | {ZTF_r}
 ZTF19aazzpje | {ZTF_r}
 ZTF19abaosan | {ZTF_r}
 ZTF19abaukyt | {ZTF_r}
 ZTF19abcfzdy | {ZTF_r}
 ZTF18abjvhec | {ZTF_r,ZTF_g}
 ZTF19aaziick | {ZTF_r,ZTF_g}
 ZTF19aazlsfj | {ZTF_r,ZTF_g}
 ZTF19abafrvy | {ZTF_r,ZTF_g}
 ZTF18aaermez | {ZTF_r,ZTF_g,ZTF_i}
 ZTF18abjstcm | {ZTF_r,ZTF_g,ZTF_i}
 ZTF18aaizerg | {ZTF_r,ZTF_i,ZTF_g}
 ZTF18aajivpr | {ZTF_r,ZTF_i,ZTF_g}
 ZTF18aangpkx | {ZTF_r,ZTF_i,ZTF_g}
 ZTF18aanygjk | {ZTF_r,ZTF_i,ZTF_g}
 ZTF18aaoufjt | {ZTF_r,ZTF_i,ZTF_g}
 ZTF18aaqskoy | {ZTF_r,ZTF_i,ZTF_g}
 ZTF18aaqydat | {ZTF_r,ZTF_i,ZTF_g}
 ZTF18aarwxum | {ZTF_r,ZTF_i,ZTF_g}
 ZTF18aatezaj | {ZTF_r,ZTF_i,ZTF_g}
 ZTF18aatjfoe | {ZTF_r,ZTF_i,ZTF_g}
 ZTF18aatrkga | {ZTF_r,ZTF_i,ZTF_g}
 ZTF18aaunfqq | {ZTF_r,ZTF_i,ZTF_g}
 ZTF18aavvnzu | {ZTF_r,ZTF_i,ZTF_g}
 ZTF18aawjywv | {ZTF_r,ZTF_i,ZTF_g}
 ZTF18aaxdrjn | {ZTF_r,ZTF_i,ZTF_g}
 ZTF18aaxkjmm | {ZTF_r,ZTF_i,ZTF_g}
 ZTF18aaxmhvk | {ZTF_r,ZTF_i,ZTF_g}
 ZTF18aaxvpsw | {ZTF_r,ZTF_i,ZTF_g}
 ZTF18aaybfsd | {ZTF_r,ZTF_i,ZTF_g}
 ZTF18aaydmkh | {ZTF_r,ZTF_i,ZTF_g}
 ZTF18aayjvve | {ZTF_r,ZTF_i,ZTF_g}
 ZTF18abaxlpi | {ZTF_r,ZTF_i,ZTF_g}
 ZTF18abckujg | {ZTF_r,ZTF_i,ZTF_g}
 ZTF18abcsgvj | {ZTF_r,ZTF_i,ZTF_g}
 ZTF18abcyilc | {ZTF_r,ZTF_i,ZTF_g}
 ZTF18abcysdx | {ZTF_r,ZTF_i,ZTF_g}
 ZTF18abdefet | {ZTF_r,ZTF_i,ZTF_g}
 ZTF18abdfazk | {ZTF_r,ZTF_i,ZTF_g}
 ZTF18abetehf | {ZTF_r,ZTF_i,ZTF_g}
 ZTF18abetejo | {ZTF_r,ZTF_i,ZTF_g}
 ZTF18abetewu | {ZTF_r,ZTF_i,ZTF_g}
 ZTF18abfeyey | {ZTF_r,ZTF_i,ZTF_g}
 ZTF18abfgygp | {ZTF_r,ZTF_i,ZTF_g}
 ZTF18abfwuwn | {ZTF_r,ZTF_i,ZTF_g}
 ZTF18abgxvra | {ZTF_r,ZTF_i,ZTF_g}
 ZTF18abifioh | {ZTF_r,ZTF_i,ZTF_g}
(442 rows)

