ZTF18aaermez
ZTF18aaizerg
ZTF18aajivpr
ZTF18aangpkx
ZTF18aanygjk
ZTF18aaoufjt
ZTF18aaqskoy
ZTF18aaqydat
ZTF18aarwxum
ZTF18aatezaj
ZTF18aatjfoe
ZTF18aatrkga
ZTF18aaunfqq
ZTF18aavvnzu
ZTF18aawjywv
ZTF18aaxdrjn
ZTF18aaxkjmm
ZTF18aaxmhvk
ZTF18aaxvpsw
ZTF18aaybfsd
ZTF18aaydmkh
ZTF18aayjvve
ZTF18abaxlpi
ZTF18abckujg
ZTF18abcsgvj
ZTF18abcyilc
ZTF18abcysdx
ZTF18abdefet
ZTF18abdfazk
ZTF18abetehf
ZTF18abetejo
ZTF18abfeyey
ZTF18abfgygp
ZTF18abfwuwn
ZTF18abgxvra
ZTF18abifioh
ZTF18abjstcm
ZTF18abjvhec
ZTF18abkhcwl
ZTF18abkudjo
ZTF18ablongw
ZTF18ablqlzp
ZTF18ablrljh
ZTF18ablwtkf
ZTF18abmjvpb
ZTF18abmkaps
ZTF18abmmdif
ZTF18abmxahs
ZTF18abobkii
ZTF18abpaywm
ZTF18abqlpgq
ZTF18abqyaix
ZTF18abrfccm
ZTF18abrzeym
ZTF18abwkzuc
ZTF18abxhsyn
ZTF18acbxmvy
ZTF18aceyjco
ZTF18acmyxfx
ZTF18acnbenl
ZTF18acpuxuh
ZTF18acqqyah
ZTF18acqsfxh
ZTF18acqsztr
ZTF18acrxppd
ZTF18acsohut
ZTF18acspjqd
ZTF18acsxpmp
ZTF18acusbyf
ZTF18acusrws
ZTF18acwwowy
ZTF18acxyarg
ZTF18acybdar
ZTF18acynmcp
ZTF19aaarhtg
ZTF19aabvfwn
ZTF19aacijie
ZTF19aacivvy
ZTF19aaekvhn
ZTF19aaeopqn
ZTF19aaeoqkk
ZTF19aaeoqst
ZTF19aafmfxg
ZTF19aafmhcl
ZTF19aafwrhf
ZTF19aagmsrr
ZTF19aailqli
ZTF19aailteb
ZTF19aajwhbc
ZTF19aakiyly
ZTF19aakljys
ZTF19aaknign
ZTF19aaldqvh
ZTF19aaluprf
ZTF19aalveag
ZTF19aalzmmt
ZTF19aamfxby
ZTF19aamhhae
ZTF19aamhhyo
ZTF19aamkywr
ZTF19aammewd
ZTF19aamooex
ZTF19aanejfr
ZTF19aanesxt
ZTF19aanhgqg
ZTF19aanmclt
ZTF19aanmdsr
ZTF19aansyyn
ZTF19aanuipr
ZTF19aanuuen
ZTF19aanxrkt
ZTF19aaobwpx
ZTF19aaojnrx
ZTF19aaomkvl
ZTF19aapcvdi
ZTF19aapcvxi
ZTF19aaphntn
ZTF19aapnzde
ZTF19aapszzy
ZTF19aaptwpu
ZTF19aapvhhp
ZTF19aaqtcmy
ZTF19aaqtyku
ZTF19aardunx
ZTF19aarfnto
ZTF19aarmtgu
ZTF19aarprog
ZTF19aatgwhs
ZTF19aatgznl
ZTF19aathcvn
ZTF19aatlmbo
ZTF19aauhhjy
ZTF19aauhwbp
ZTF19aauitks
ZTF19aaumvig
ZTF19aauplxw
ZTF19aaurstb
ZTF19aauvjws
ZTF19aavhxby
ZTF19aavmlqh
ZTF19aavnxwj
ZTF19aavounq
ZTF19aavsahh
ZTF19aawafvn
ZTF19aawhniz
ZTF19aawmqtd
ZTF19aawnqoj
ZTF19aawqckx
ZTF19aawrumx
ZTF19aawyepw
ZTF19aaxffum
ZTF19aaycomi
ZTF19aayslow
ZTF19aazdirb
ZTF19aazgdss
ZTF19aaziick
ZTF19aazlsfj
ZTF19aazxcvl
ZTF19abafrvy
ZTF20abapyxl
ZTF20abcgjvq
ZTF20abefzfc
ZTF20abegate
ZTF20abegopd
ZTF20abeljuj
ZTF20abfhway
ZTF20abgdtmv
ZTF20abgfvav
ZTF20abguygh
ZTF20abhmnom
ZTF20abixkhh
ZTF20abjbiqf
ZTF20abjwuuv
ZTF20abjxwga
ZTF20abkcril
ZTF20abkzhpk
ZTF20ablnjvp
ZTF20abmcwtd
ZTF20abnmahn
ZTF20abowpvf
ZTF20abpeyat
ZTF20abpqdgh
ZTF20abpuijn
ZTF20abqefja
ZTF20abqgzhh
ZTF20abqlawg
ZTF20abqlgtv
ZTF20abrdvpj
ZTF20absfrbq
ZTF20absvtnc
ZTF20abswjae
ZTF20abtfnpl
ZTF20abvykmy
ZTF20abweedo
ZTF20abwktfx
ZTF20abxezim
ZTF20abxgwjr
ZTF20abxjefm
ZTF20abyfgri
ZTF20abyiycy
ZTF20abypkpz
ZTF20abyqdyg
ZTF20abyskia
ZTF20abywspv
ZTF20abyxuky
ZTF20abyyfmw
ZTF20abzvxyk
ZTF20acajvrj
ZTF20acberfr
ZTF20acbttnt
ZTF20acchxpm
ZTF20acfasbq
ZTF20acfnuee
ZTF20acfvsze
ZTF20acgpqqr
ZTF20achbkud
ZTF20achksbc
ZTF20achncxi
ZTF20achzugy
ZTF20aciaxil
ZTF20acikuon
ZTF20aciuakv
ZTF20acizliy
ZTF20acjetyf
ZTF20acjhhqx
ZTF20aclgnds
ZTF20acnsinb
ZTF20acnyxln
ZTF20acoaqpm
ZTF20acobxlz
ZTF20acordqz
ZTF20acowata
ZTF20acowpur
ZTF20acowuix
ZTF20acoxdas
ZTF20acoxmsr
ZTF20acoyvdg
ZTF20acphcdv
ZTF20acpjfln
ZTF20acpkjsn
ZTF20acpknjk
ZTF20acpumut
ZTF20acquetr
ZTF20acqzjqz
ZTF20acqzpta
ZTF20acrhrcy
ZTF20acsdykp
ZTF20acselme
ZTF20acsesce
ZTF20acuimtq
ZTF20aculruc
ZTF20acvagdq
ZTF20acvbrbv
ZTF20acvkjrm
ZTF20acwfanr
ZTF20acwoamm
ZTF20acwomqh
ZTF20acxncha
ZTF20acxtewc
ZTF20acyrodl
ZTF20acywbes
ZTF20acywefl
ZTF20adadmsg
ZTF20adadshh
ZTF21aaabaey
ZTF21aaabviz
ZTF21aaabvjk
ZTF21aaabzsj
ZTF21aaahyjj
ZTF21aaaotku
ZTF21aaaoviv
ZTF21aabvdjw
ZTF21aacscvb
ZTF21aaezixn
ZTF21aagqcnl
ZTF21aagtcgb
ZTF21aagtqgz
ZTF21aagtuzm
ZTF21aagvmqr
ZTF21aagycmk
ZTF21aahkvem
ZTF21aahvuvi
ZTF21aahzspd
ZTF21aajdbhw
ZTF21aakildf
ZTF21aakzmaq
ZTF21aalcsng
ZTF21aalimtr
ZTF21aalkknw
ZTF21aaloalc
ZTF21aalxurs
ZTF21aamesud
ZTF21aamgcrv
ZTF21aamgrtx
ZTF21aamgrxm
ZTF21aamiukc
ZTF21aamuniy
ZTF21aanrvcq
ZTF21aantxma
ZTF21aanwfjk
ZTF21aaodljj
ZTF21aaopqqk
ZTF21aaovdlh
ZTF21aapehpx
ZTF21aapjcqb
ZTF21aapkfjx
ZTF21aaplfah
ZTF21aapowty
ZTF21aaptouk
ZTF21aapvsxv
ZTF21aapvxnf
ZTF21aaqvuyf
ZTF21aaqztcg
ZTF21aarcldd
ZTF21aarhzdh
ZTF21aarjczf
ZTF21aarojxa
ZTF21aarrplo
ZTF21aarrwdu
ZTF21aasctwo
ZTF21aasgffc
ZTF21aastazz
ZTF21aaswtok
ZTF21aasyzkt
ZTF21aatdzmt
ZTF21aatklhw
ZTF21aauamtx
ZTF21aaunadg
ZTF21aavhlok
ZTF21aavotzn
ZTF21aavqwhh
ZTF21aawiwqh
ZTF21aawtewf
ZTF21aaxgzln
ZTF21aaxyecd
ZTF21aaxzbrn
ZTF21aayggyo
ZTF21aayquba
ZTF21aayyxum
ZTF21aazcjbh
ZTF21aazlxiw
ZTF21abaaipx
ZTF21abaphri
ZTF21abasxdp
ZTF21abbliav
ZTF21abbsbov
ZTF21abbzcxe
ZTF21abbzqvv
ZTF21abcbwke
ZTF21abcfgub
ZTF21abchdql
ZTF21abcmjdy
ZTF21abcnpnk
ZTF21abcouxj
ZTF21abcpazz
ZTF21abcrhbt
ZTF21abcrhpk
ZTF21abcwsho
ZTF21abczjhy
ZTF21abdlyrc
ZTF21abedvkp
ZTF21abeokcr
ZTF21abfjrjy
ZTF21abflgpq
ZTF21abfxjik
ZTF21abgmyzw
ZTF21abhtaiv
ZTF21abhthvj
ZTF21abiawpf
ZTF21abicabp
ZTF21abienbe
ZTF21abifxhe
ZTF21abisowq
ZTF21abufayv
ZTF21abujefa
ZTF21abukrln
ZTF21abulrsl
ZTF21abuxuxj
ZTF21abvbihc
ZTF21abvrlup
ZTF21abvxguf
ZTF21abwprfg
ZTF21abwtnzp
ZTF21abwzpgf
ZTF21abxlpkc
ZTF21abxzzys
ZTF21abybnni
ZTF21abylukk
ZTF21abyvjeq
ZTF21abywdxt
ZTF21abzkgvc
ZTF21abzxkyv
ZTF21abzywja
ZTF21acaspdb
ZTF21acasrer
ZTF21acbvwej
ZTF21acbxtir
ZTF21acbxtqq
ZTF21acclizu
ZTF21accteto
ZTF21acdkxcr
ZTF21acdwvwo
ZTF21acenkuf
ZTF21aceqgbv
ZTF21acfiqtd
ZTF21acfslmr
ZTF21achiyue
ZTF21achjwus
ZTF21acimjvp
ZTF21acincqb
ZTF21acindcq
ZTF21acinvvh
ZTF21acipofv
ZTF21acisemu
ZTF21aciuhyy
ZTF21acjcwyn
ZTF21acjgafq
ZTF21acjnzdh
ZTF21acjotip
ZTF21acmresp
