ZTFID,RA,Dec,peakt,type,redshift,desi_z
ZTF18aaermez,153.1787083333333,39.37388888888889,58514.41000000015,SN Ia,0.02284,0.0227125593024314
ZTF18aaizerg,219.6982083333333,50.102722222222226,58856.56999999983,SN Ia,0.0685,0.0684597622055123
ZTF18aajivpr,179.19541666666663,52.48386111111111,58956.29000000004,SN Ia,0.0515,0.051449869361324195
ZTF18aangpkx,255.33904166666662,32.78586111111111,58985.419999999925,SN Ia,0.0699,0.0699955290151989
ZTF18aaoufjt,215.32179166666663,35.508805555555554,58635.25999999978,SN Ia,0.0298,0.029828678277900405
ZTF18aaqskoy,255.90775,36.42919444444444,58255.419999999925,SN Ia,0.085,0.0860841968741968
ZTF18aaqydat,244.24404166666662,27.617722222222223,59382.330000000075,SN Ia,0.04979,0.0497701767550188
ZTF18aarwxum,267.3714583333333,58.569361111111114,58693.25999999978,SN Ia,0.09,0.08458638556626741
ZTF18aatezaj,226.54237499999996,53.41063888888889,59309.39000000013,SN Ia,0.03419,0.0342071409695119
ZTF18aatjfoe,221.2128333333333,43.31677777777778,59325.37000000011,SN Ia,0.081,0.0801489115840979
ZTF18aatrkga,273.0043749999999,51.724583333333335,59088.169999999925,SN Ia,0.0285,0.0276322790918274
ZTF18aaunfqq,238.5799583333333,39.453944444444446,58269.27000000002,SN Ia,0.07109,0.0710743072836472
ZTF18aavvnzu,270.230125,52.73963888888889,59334.450000000186,SN Ia,0.0498,0.050173618763047795
ZTF18aaxdrjn,185.00683333333333,56.15886111111111,58279.200000000186,SN Ia,0.0339,0.0339240141899422
ZTF18aaxkjmm,236.3713333333333,35.85519444444444,58278.27000000002,SN Ia,0.0661,0.0714071877852748
ZTF18aaxvpsw,224.97662499999998,39.07877777777778,58288.22999999998,SN Ia,0.0916,0.0915960368536013
ZTF18aaybfsd,230.71637499999997,38.449555555555555,58903.50999999978,SN Ia,0.04,0.0401747860815254
ZTF18aaydmkh,260.1610833333333,52.04194444444444,58284.31999999983,SN Ia,0.0845,0.0843502381540123
ZTF18aayjvve,226.06916666666663,35.81502777777777,58294.27000000002,SN Ia,0.04727,0.0473073448666682
ZTF18abaxlpi,276.55904166666664,45.010194444444444,58296.450000000186,SN Ia,0.0646,0.0645757290551423
ZTF18abckujg,222.97349999999997,46.64575,58303.220000000205,SN Ia,0.074,0.0735970033066499
ZTF18abcsgvj,266.102625,55.17541666666666,58302.29000000004,SN Ia,0.06,0.06120068035867951
ZTF18abcyilc,184.04845833333331,68.55838888888889,58312.220000000205,SN Ia-pec,0.06,0.06114708508024899
ZTF18abcysdx,272.98887499999995,30.04538888888889,58308.330000000075,SN Ia,0.067,0.07115937900341031
ZTF18abdefet,266.07545833333336,68.0291111111111,58310.39000000013,SN Ia,0.075,0.0768747782176253
ZTF18abdfazk,216.9800833333333,40.974333333333334,58306.220000000205,SN Ia,0.087,0.07958841872287381
ZTF18abetehf,233.487125,31.169805555555556,58320.169999999925,SN Ia,0.06487,0.06496900370308661
ZTF18abetejo,208.64391666666663,42.77458333333333,58311.24000000022,SN Ia,0.07,0.0633297497713764
ZTF18abfeyey,257.5448333333333,57.29541666666667,59414.25999999978,SN Ia,0.089,0.0812751667655051
ZTF18abfgygp,274.3394166666667,54.537416666666665,58323.39000000013,SN Ia,0.07,0.0672127035438301
ZTF18abfwuwn,251.42820833333332,37.89041666666667,58322.200000000186,SN Ia,0.1,0.0977191889884448
ZTF18abifioh,249.4654583333333,24.883055555555558,58906.52000000002,SN Ia,0.103,0.10332860843692798
ZTF18abjstcm,284.71874999999994,69.01352777777778,58342.330000000075,SN Ia,0.079,0.0786654773603669
ZTF18abjvhec,226.37679166666666,30.91022222222222,58337.18000000017,SN Ia,0.0569,0.056906884799491
ZTF18abkhcwl,236.5295833333333,29.733472222222222,58343.169999999925,SN Ia,0.03164,0.0316330649011483
ZTF18abkudjo,227.06062499999996,34.86833333333333,58343.169999999925,SN Ia,0.09216,0.0919889384734298
ZTF18ablongw,262.67812499999997,62.83108333333334,58349.24000000022,SN Ia,0.08181,0.0818319869615055
ZTF18ablqlzp,234.13324999999998,41.799861111111106,58350.14999999991,SN Ia,0.0414,0.0416004023237614
ZTF18ablrljh,248.84387499999997,22.468416666666666,58346.18000000017,SN Ia,0.094,0.09398193901561311
ZTF18abmjvpb,239.54866666666663,19.765166666666666,58360.25,SN Ia,0.06607,0.066049535472766
ZTF18abmmdif,270.146625,61.69772222222222,58352.35000000009,SN Ia,0.075,0.0763127395503839
ZTF18abmxahs,257.54654166666666,21.649055555555556,58362.20999999996,SN Ia,0.0148,0.014826475241310902
ZTF18abobkii,243.69570833333333,43.30522222222222,58359.220000000205,SN Ia,0.0597,0.05971872092300069
ZTF18abpaywm,277.8893333333333,49.816111111111105,58370.27000000002,SN Ia,0.045,0.043764321113177795
ZTF18abqlpgq,340.10274999999996,16.19077777777778,58364.27000000002,SN Ia,0.09526,0.0953306614322067
ZTF18abqyaix,20.799249999999997,1.0033055555555555,59081.45999999996,SN Ia,0.0582,0.0582053562272341
ZTF18abrfccm,26.862999999999996,0.9676666666666667,59165.189999999944,SN Ia,0.1,0.09438872700528338
ZTF18abrzeym,264.1127083333333,22.490555555555556,58373.14999999991,SN Ia,0.056,0.05644566300786031
ZTF18abwkzuc,108.910125,37.57405555555556,58386.450000000186,SN Ia,0.065,0.0702142170345368
ZTF18abxhsyn,36.193708333333326,7.370472222222221,59123.310000000056,SN Ia,0.03757,0.03779952392948388
ZTF18acbxmvy,354.2539583333333,21.431472222222222,58437.22999999998,SN Ia,0.05,0.0564707375140659
ZTF18aceyjco,185.04416666666665,52.63166666666667,58440.470000000205,SN Ia,0.08329,0.0820118064730389
ZTF18acmyxfx,67.57841666666666,-5.703083333333334,58447.37999999989,SN Ia,0.06,0.0620181331093024
ZTF18acnbenl,169.9992083333333,61.981944444444444,58450.470000000205,SN Ia,0.065,0.0642533257641386
ZTF18acpuxuh,63.47929166666666,-6.276694444444445,58450.39999999991,SN Ia,0.099,0.0965041626937194
ZTF18acqqyah,171.83841666666666,59.63005555555556,58461.470000000205,SN Ia,0.01706,0.0174260590828153
ZTF18acqsztr,203.67474999999996,8.14261111111111,58991.299999999814,SN Ia,0.0835,0.0835537083761051
ZTF18acrxppd,156.51408333333333,64.83666666666666,58464.49000000022,SN Ia,0.03781,0.0367987345251916
ZTF18acsohut,100.04299999999999,54.07916666666667,58464.330000000075,SN Ia,0.1,0.100340585743801
ZTF18acspjqd,109.37958333333331,37.696999999999996,58471.27000000002,SN Ia,0.08,0.0711834326961434
ZTF18acsxpmp,10.178916666666664,30.046083333333335,58464.27000000002,SN Ia,0.076,0.0710306569360044
ZTF18acusbyf,102.83520833333331,45.64458333333333,58474.29000000004,SN Ia,0.02,0.0208497797218046
ZTF18acusrws,182.0139583333333,39.24508333333333,58480.52000000002,SN Ia,0.032,0.037125391026425196
ZTF18acwwowy,180.57774999999998,59.25672222222222,58480.50999999978,SN Ia,0.05516,0.055072432538435794
ZTF18acxyarg,120.11004166666666,42.821444444444445,58486.470000000205,SN Ia,0.04205,0.040827844331845296
ZTF18acybdar,176.08337499999996,34.514694444444444,58486.54000000004,SN Ia,0.0713,0.0643620085774592
ZTF18acynmcp,7.288458333333332,-0.10536111111111111,58472.18000000017,SN Ia,0.0686,0.0685675411562089
ZTF19aaarhtg,318.10124999999994,13.00475,59051.37999999989,SN Ia,0.028,0.0276643791543036
ZTF19aabvfwn,129.06162499999996,-5.350583333333333,58506.45999999996,SN Ia,0.04138,0.0409259476875911
ZTF19aacijie,143.86575,53.77016666666667,58502.439999999944,SN Ia,0.061,0.06158593683505461
ZTF19aacivvy,240.3377083333333,15.44438888888889,58502.47999999998,SN Ia,0.03,0.0331993940445149
ZTF19aaekvhn,136.84616666666665,75.78111111111112,58523.200000000186,SN Ia,0.061,0.061551056333864394
ZTF19aaeopqn,199.74858333333333,32.974611111111116,58514.43000000017,SN Ia,0.039,0.0380536979979772
ZTF19aaeoqkk,224.04616666666664,33.46808333333333,58522.52000000002,SN Ia,0.07,0.0693096396819212
ZTF19aafmfxg,162.95262499999998,8.840972222222224,58526.419999999925,SN Ia-91T,0.052,0.047988529074700796
ZTF19aafmhcl,132.33604166666663,11.199055555555557,58526.20999999996,SN Ia,0.068,0.0693520069354792
ZTF19aafwrhf,123.61070833333329,9.645555555555555,58838.439999999944,SN Ia,0.0527,0.052752096704711
ZTF19aagmsrr,159.40991666666665,37.458194444444445,58526.43000000017,SN Ia,0.023,0.0232130690839247
ZTF19aailqli,200.33104166666664,52.778527777777775,58538.49000000022,SN Ia,0.058,0.05621511649219789
ZTF19aailteb,229.48566666666665,37.11397222222222,58526.470000000205,SN Ia,0.078,0.0772784267226005
ZTF19aajwhbc,180.80804166666664,54.01716666666667,58538.35000000009,SN Ia,0.1,0.0994683046074518
ZTF19aakiyly,217.836875,23.42227777777778,58541.419999999925,SN Ia,0.07,0.0661849864212776
ZTF19aaldqvh,160.99604166666666,51.11280555555556,58541.27000000002,SN Ia,0.101,0.0993966687901922
ZTF19aalveag,185.42187499999997,31.708805555555553,58559.31999999983,SN Ia,0.05,0.0507847292856897
ZTF19aalzmmt,226.4068333333333,21.374444444444446,58560.29000000004,SN Ia-91T,0.061,0.06329266418048421
ZTF19aamfxby,118.38433333333332,65.41691666666667,58575.220000000205,SN Ia-91T,0.07,0.0756540903153166
ZTF19aamhhyo,208.16008333333332,33.0855,58567.279999999795,SN Ia,0.08,0.0782497127090156
ZTF19aamkywr,256.28574999999995,7.990555555555556,58568.439999999944,SN Ia,0.03034,0.030859599182751253
ZTF19aammewd,150.78004166666665,3.3516666666666666,58556.20999999996,SN Ia,0.058,0.05814827678060288
ZTF19aamooex,197.97104166666665,38.86902777777778,58567.299999999814,SN Ia,0.08,0.083186494279654
ZTF19aanejfr,127.62545833333331,15.81188888888889,58575.200000000186,SN Ia,0.0428,0.0429342117530389
ZTF19aanesxt,158.66374999999996,53.97288888888889,58575.27000000002,SN Ia,0.048,0.0463640566016695
ZTF19aanhgqg,212.20474999999996,35.61425,58575.35999999987,SN Ia-91bg,0.02777,0.027869814662218
ZTF19aanmclt,227.83849999999998,11.39411111111111,58572.45999999996,SN Ia,0.045,0.045816758545329496
ZTF19aanuipr,281.2955416666666,47.537527777777775,58584.52000000002,SN Ia,0.07,0.07033939772444991
ZTF19aanuuen,237.83816666666664,8.271444444444445,58586.37999999989,SN Ia,0.0701,0.0700753399520255
ZTF19aanxrkt,232.44799999999995,7.20125,58591.37999999989,SN Ia,0.09,0.0869371250329342
ZTF19aaobwpx,233.9103333333333,35.011722222222225,58592.450000000186,SN Ia,0.05,0.0526175270324731
ZTF19aaojnrx,199.66708333333332,1.914111111111111,58586.330000000075,SN Ia,0.0508,0.05081562069646899
ZTF19aaomkvl,241.12520833333332,17.470805555555554,58586.37999999989,SN Ia,0.03961,0.0394133069706331
ZTF19aapcvdi,131.50520833333334,3.6342777777777777,58584.14999999991,SN Ia,0.07671,0.0766763976616178
ZTF19aapcvxi,142.00608333333332,4.0120555555555555,58584.22999999998,SN Ia,0.06,0.06337498960391301
ZTF19aaphntn,252.48716666666667,25.704555555555554,59054.35000000009,SN Ia,0.09,0.0917570948137914
ZTF19aapnzde,224.45116666666664,34.47819444444445,58596.45999999996,SN Ia,0.07087,0.0708704486331666
ZTF19aaptwpu,146.52558333333332,67.20694444444445,58598.24000000022,SN Ia,0.07,0.0692099389826082
ZTF19aapvhhp,199.2275833333333,33.418861111111106,58602.310000000056,SN Ia,0.08434,0.08372628477310771
ZTF19aaqtcmy,243.29695833333327,54.78827777777778,58596.450000000186,SN Ia,0.07,0.063749671986578
ZTF19aardunx,233.86183333333332,8.3865,58605.37999999989,SN Ia,0.04301,0.0429569489615286
ZTF19aarfnto,215.51087499999997,30.067,58602.27000000002,SN Ia,0.08523,0.0852523057832237
ZTF19aarmtgu,121.65362499999999,10.457416666666665,59137.45999999996,SN Ia,0.04185,0.0419054215011577
ZTF19aarprog,248.5427083333333,19.634777777777778,58612.419999999925,SN Ia-91T,0.0542,0.0541000780655697
ZTF19aatgwhs,265.22429166666666,38.73538888888889,58616.470000000205,SN Ia,0.04102,0.0405349203716473
ZTF19aatgznl,213.0484166666666,40.09861111111111,58616.25999999978,SN Ia,0.0671,0.06698124374296469
ZTF19aathcvn,256.3819166666666,12.568388888888888,58616.45999999996,SN Ia,0.04,0.0458358169387784
ZTF19aatlmbo,208.37129166666665,40.27536111111111,58619.25999999978,SN Ia,0.00775,0.008582436453963291
ZTF19aauhhjy,159.76783333333333,39.97225,58622.16000000015,SN Ia,0.0682,0.0682102282011414
ZTF19aauhwbp,181.00424999999998,65.09630555555555,58622.169999999925,SN Ia,0.03942,0.039501415929922
ZTF19aauitks,200.26099999999997,20.09875,58628.20999999996,SN Ia,0.098,0.09762214925650982
ZTF19aauplxw,228.03266666666664,1.0604722222222223,58619.27000000002,SN Ia,0.087,0.0878132494608204
ZTF19aaurstb,272.43341666666663,44.18105555555555,58627.39000000013,SN Ia,0.05,0.0506292141850176
ZTF19aauvjws,187.99054166666664,35.85380555555556,58632.18000000017,SN Ia,0.09351,0.09353998664937882
ZTF19aavhxby,224.13699999999997,-2.1064166666666666,58642.299999999814,SN Ia,0.02313,0.023035807024136705
ZTF19aavmlqh,253.17299999999997,11.381388888888889,58638.35000000009,SN Ia,0.08,0.0871933240401074
ZTF19aavnxwj,191.95862499999998,41.85725,58647.24000000022,SN Ia,0.08,0.07550909682679881
ZTF19aavounq,227.49141666666665,14.518111111111113,58644.20999999996,SN Ia,0.0763,0.07634184878684581
ZTF19aavsahh,247.57787499999995,6.197444444444445,58642.29000000004,SN Ia,0.063,0.06318418516930399
ZTF19aawafvn,219.31504166666664,30.16583333333333,58653.27000000002,SN Ia,0.074,0.0711314074239295
ZTF19aawhniz,211.8100833333333,49.093833333333336,58647.24000000022,SN Ia,0.0713,0.0713511126994082
ZTF19aawmqtd,262.0882083333333,23.74425,58653.310000000056,SN Ia,0.057,0.056311578253374704
ZTF19aawnqoj,233.21462499999998,6.294611111111111,58652.169999999925,SN Ia,0.07,0.06480504983340342
ZTF19aawqckx,270.57174999999995,69.88199999999999,58651.450000000186,SN Ia,0.034,0.0349211214476731
ZTF19aawrumx,293.3744583333333,67.50661111111111,58649.39000000013,SN Ia,0.06,0.0689007543402071
ZTF19aawyepw,244.80512499999998,34.16525,58644.279999999795,SN Ia,0.06,0.06017725924788439
ZTF19aaxffum,239.67162499999998,11.240277777777777,58653.22999999998,SN Ia-91T,0.05498,0.0550036971468188
ZTF19aaycomi,351.3043333333333,9.453138888888889,58655.47999999998,SN Ia,0.03,0.0358374355682237
ZTF19aayslow,203.22704166666665,32.102472222222225,58657.200000000186,SN Ia,0.06,0.061059739359668
ZTF19aazgdss,241.1804583333333,27.95336111111111,58647.220000000205,SN Ia,0.07729,0.0773570328689538
ZTF19aaziick,247.51920833333332,27.056,58653.29000000004,SN Ia,0.08,0.076333658539819
ZTF19aazlsfj,324.6164583333333,0.5466388888888889,58658.45999999996,SN Ia,0.07,0.0715016366583206
ZTF19aazxcvl,214.02254166666665,45.66011111111111,58663.220000000205,SN Ia,0.06,0.0656489844012637
ZTF19abafrvy,204.57341666666662,3.3960833333333333,58661.20999999996,SN Ia,0.078,0.0786526201691081
ZTF20abapyxl,263.1405,15.73586111111111,58997.299999999814,SN Ia,0.085,0.0835616319154825
ZTF20abcgjvq,310.9344166666666,-1.2380833333333334,59013.35999999987,SN Ia,0.05607,0.0560167840602291
ZTF20abegate,269.968625,50.49088888888889,59022.35000000009,SN Ia,0.05,0.05258167571939959
ZTF20abeljuj,278.8754166666666,36.592305555555555,59026.35999999987,SN Ia,0.04,0.04847834262911991
ZTF20abfhway,229.3012083333333,5.739361111111111,59028.20999999996,SN Ia,0.04689,0.046919553780868734
ZTF20abgdtmv,341.18125,12.798305555555556,59025.47999999998,SN Ia,0.08,0.07591841444077882
ZTF20abgfvav,226.92262499999998,32.00958333333333,59029.189999999944,SN Ia,0.095,0.0861357183930327
ZTF20abguygh,245.12549999999996,30.022555555555556,59031.189999999944,SN Ia,0.0953,0.0953068831238305
ZTF20abhmnom,267.29324999999994,31.759694444444445,59035.220000000205,SN Ia,0.07,0.073538685910004
ZTF20abixkhh,227.94691666666662,36.770916666666665,59043.25,SN Ia,0.041,0.0446150063656563
ZTF20abjbiqf,273.32724999999994,42.251583333333336,59047.330000000075,SN Ia,0.05,0.05233092687038749
ZTF20abjwuuv,266.65387499999997,20.504694444444443,59047.31999999983,SN Ia,0.063,0.0618592484266934
ZTF20abjxwga,324.54575,6.741027777777778,59050.37999999989,SN Ia,0.06506,0.0643934951208366
ZTF20abkcril,323.0400833333333,13.818916666666667,59051.37999999989,SN Ia,0.052,0.0516001487198655
ZTF20abkzhpk,267.4847083333333,44.657805555555555,59062.24000000022,SN Ia,0.074,0.0641146056325559
ZTF20ablnjvp,248.21774999999997,13.50325,59057.25999999978,SN Ia,0.0538,0.0536709817210316
ZTF20abmcwtd,7.857083333333334,-12.456777777777777,59055.45999999996,SN Ia,0.07,0.07759968315297001
ZTF20abnmahn,331.74475,13.033305555555556,59060.37999999989,SN Ia,0.0795,0.07950407011912729
ZTF20abowpvf,0.5267499999999999,-5.280694444444444,59071.47999999998,SN Ia,0.082,0.0837328365689961
ZTF20abpqdgh,247.74212499999996,32.30755555555555,59075.200000000186,SN Ia,0.076,0.07651561831104281
ZTF20abqefja,250.9189166666666,33.539027777777775,59079.200000000186,SN Ia,0.0802,0.08022545018213702
ZTF20abqlawg,327.317125,7.174416666666667,59079.35999999987,SN Ia,0.0711,0.0710802715635332
ZTF20absfrbq,317.80179166666665,4.839138888888889,59088.37000000011,SN Ia,0.07,0.06137664252496269
ZTF20absvtnc,23.58116666666666,2.465361111111111,59092.37000000011,SN Ia,0.035,0.032931360610365
ZTF20abswjae,10.095874999999998,29.566194444444445,59086.39999999991,SN Ia,0.07427,0.0714599372853405
ZTF20abtfnpl,316.924125,8.367805555555556,59087.27000000002,SN Ia,0.07,0.0700618026259359
ZTF20abvykmy,54.99683333333332,-4.066638888888889,59092.43000000017,SN Ia,0.052,0.045768157227415306
ZTF20abweedo,337.16233333333327,22.867472222222222,59099.31999999983,SN Ia,0.039,0.0389896041786196
ZTF20abwktfx,271.6159583333333,46.54094444444444,59099.18000000017,SN Ia,0.02703,0.027429303280104296
ZTF20abxezim,21.14516666666666,-0.4225555555555556,59099.39999999991,SN Ia,0.07575,0.0767704903863575
ZTF20abxgwjr,267.2752083333333,61.630694444444444,59106.169999999925,SN Ia,0.035,0.039502989220710855
ZTF20abxjefm,320.90124999999995,13.817499999999999,59109.18000000017,SN Ia,0.079,0.0783186379309301
ZTF20abyfgri,315.89633333333336,-0.17288888888888887,59098.22999999998,SN Ia,0.06,0.063810023986804
ZTF20abypkpz,315.93416666666667,7.294555555555555,59114.279999999795,SN Ia,0.064,0.05836776212975161
ZTF20abyqdyg,334.707,8.777166666666668,59110.25999999978,SN Ia,0.1,0.0971062329376449
ZTF20abyskia,266.89825,66.65205555555556,59112.16000000015,SN Ia,0.08,0.07889852217611516
ZTF20abywspv,24.98441666666666,8.786777777777777,59109.37999999989,SN Ia,0.09,0.09438488976597721
ZTF20abyxuky,34.381208333333326,10.547361111111112,59115.39999999991,SN Ia,0.08,0.0841341951004773
ZTF20abyyfmw,347.38787499999995,15.65925,59118.25,SN Ia,0.02581,0.025170612135348297
ZTF20abzvxyk,357.7435833333333,20.455555555555556,59124.33999999985,SN Ia,0.093,0.0893997424964556
ZTF20acajvrj,1.2717083333333332,12.768055555555556,59125.29000000004,SN Ia,0.0705,0.0693905392183964
ZTF20acberfr,107.86037499999999,62.39611111111111,59126.41000000015,SN Ia,0.09,0.09499786773478511
ZTF20acbttnt,20.057166666666664,-0.044611111111111115,59122.33999999985,SN Ia-91T,0.099,0.092188033833995
ZTF20acchxpm,41.05695833333333,-2.904138888888889,59123.39999999991,SN Ia,0.08,0.07672552885079098
ZTF20acfasbq,122.25366666666666,72.04147222222223,59128.50999999978,SN Ia,0.047,0.0393479428886112
ZTF20acfnuee,337.90195833333325,2.5018611111111113,59128.279999999795,SN Ia,0.06,0.05977211954906969
ZTF20acgpqqr,18.511333333333333,14.381111111111112,59136.33999999985,SN Ia,0.05951,0.0595448393351836
ZTF20achbkud,31.731083333333334,-11.074916666666667,59134.37999999989,SN Ia,0.085,0.0840364328838658
ZTF20achksbc,290.9816666666666,67.57008333333333,59139.200000000186,SN Ia,0.076,0.0758353010862662
ZTF20achncxi,109.13637499999999,78.1545,59141.43000000017,SN Ia,0.09,0.0888374659620854
ZTF20aciaxil,20.323458333333335,28.432111111111112,59138.31999999983,SN Ia,0.07,0.0665151454613399
ZTF20acikuon,43.20958333333333,-1.2310277777777778,59150.299999999814,SN Ia,0.0237,0.0238432863654553
ZTF20acizliy,348.4046666666666,4.148944444444445,59153.189999999944,SN Ia,0.04,0.0427013803232394
ZTF20acjetyf,57.90420833333333,-10.056222222222223,59152.39000000013,SN Ia,0.033,0.0329209229600007
ZTF20aclgnds,139.33891666666665,33.888777777777776,59150.43000000017,SN Ia,0.08,0.0845348869428945
ZTF20acoaqpm,281.1800416666666,61.56827777777778,59164.16000000015,SN Ia,0.08,0.0768949669971142
ZTF20acobxlz,38.692874999999994,-13.455333333333332,59158.29000000004,SN Ia-91T,0.09,0.0916905066953133
ZTF20acordqz,8.621291666666666,1.306,59171.189999999944,SN Ia,0.042,0.0410078723020451
ZTF20acowata,68.80449999999999,-1.115138888888889,59167.35000000009,SN Ia,0.08,0.0783260910061376
ZTF20acowpur,44.86966666666666,5.022138888888889,59167.33999999985,SN Ia,0.063,0.0660681767108948
ZTF20acowuix,148.67775,45.555277777777775,59165.50999999978,SN Ia,0.09,0.0856758459018253
ZTF20acoxdas,150.50804166666666,-2.0172499999999998,59165.52000000002,SN Ia,0.1,0.09552545147005
ZTF20acoxmsr,160.39649999999997,-3.4415000000000004,59165.52000000002,SN Ia,0.071,0.0781529101357527
ZTF20acoyvdg,18.51970833333333,30.254944444444444,59172.14999999991,SN Ia,0.09,0.087467910541968
ZTF20acpkjsn,12.364666666666665,23.41258333333333,59173.189999999944,SN Ia,0.056,0.05198845275107279
ZTF20acpknjk,18.972541666666665,0.01597222222222222,59173.24000000022,SN Ia,0.045,0.04740483432972489
ZTF20acpumut,109.97349999999999,37.558055555555555,59179.450000000186,SN Ia,0.082,0.0804695283558178
ZTF20acquetr,165.7974583333333,41.70644444444445,59176.549999999814,SN Ia,0.03079,0.031118703719507076
ZTF20acqzjqz,43.74595833333333,4.06025,59185.20999999996,SN Ia,0.0241,0.0263482726957374
ZTF20acqzpta,24.47854166666666,30.106916666666667,59180.189999999944,SN Ia,0.07135,0.071410343766926
ZTF20acrhrcy,110.35245833333332,50.131194444444446,59179.35999999987,SN Ia,0.1,0.09294068564357033
ZTF20acsdykp,124.86337499999999,2.1014166666666667,59184.43000000017,SN Ia,0.1,0.09171260960053809
ZTF20acselme,134.13629166666666,39.141333333333336,59310.200000000186,SN Ia,0.042,0.041870725874695494
ZTF20acsesce,129.0450833333333,-3.4350833333333335,59187.439999999944,SN Ia,0.052,0.05275656811497171
ZTF20acuimtq,160.51966666666664,69.67458333333335,59194.43000000017,SN Ia,0.069,0.0669294812687003
ZTF20aculruc,358.55995833333327,-4.805527777777778,59199.10999999987,SN Ia,0.077,0.0742462524432878
ZTF20acvagdq,149.97962499999997,13.045083333333332,59199.41000000015,SN Ia,0.03542,0.03539651792341201
ZTF20acvbrbv,24.102291666666666,22.049805555555558,59193.220000000205,SN Ia-91bg,0.05,0.0471744762428541
ZTF20acvkjrm,189.02441666666664,51.500638888888886,59200.47999999998,SN Ia,0.09069,0.0907245453107512
ZTF20acwfanr,216.03733333333332,6.191111111111112,59203.52000000002,SN Ia,0.05585,0.0558366371878421
ZTF20acwomqh,148.44699999999997,-5.335305555555555,59200.45999999996,SN Ia,0.0686,0.0685114233313576
ZTF20acxncha,4.979499999999999,23.952527777777778,59216.14000000013,SN Ia,0.048,0.046245374600048
ZTF20acxtewc,214.38470833333332,3.8289999999999997,59203.549999999814,SN Ia,0.0363,0.036188257613924996
ZTF20acyrodl,238.06949999999998,33.94102777777778,59217.470000000205,SN Ia,0.04902,0.0490845397432921
ZTF20acywbes,164.97274999999996,59.95430555555556,59216.450000000186,SN Ia,0.04507,0.0451700402884181
ZTF20acywefl,118.36712499999997,28.262555555555554,59216.37999999989,SN Ia,0.05859,0.0585592995803801
ZTF20adadmsg,53.78524999999999,-8.591888888888889,59224.189999999944,SN Ia,0.07,0.0710052244662973
ZTF20adadshh,165.46516666666668,75.2005,59224.310000000056,SN Ia,0.02468,0.024564619358575495
ZTF21aaabaey,118.791125,44.131194444444446,59227.43000000017,SN Ia,0.06569,0.0656988448277209
ZTF21aaabviz,187.34062499999996,31.254527777777778,59219.439999999944,SN Ia,0.06,0.06020133533512159
ZTF21aaabvjk,206.79454166666665,34.08925,59225.47999999998,SN Ia,0.01638,0.01642764182275
ZTF21aaabzsj,225.12174999999996,22.384777777777778,59219.52000000002,SN Ia,0.05735,0.057429986388660405
ZTF21aaaotku,195.7410833333333,31.060555555555556,59227.470000000205,SN Ia,0.08792,0.0879478336397037
ZTF21aaaoviv,204.0048333333333,22.646527777777777,59227.470000000205,SN Ia,0.06588,0.06583008428813261
ZTF21aabvdjw,105.52308333333332,65.15461111111112,59233.27000000002,SN Ia,0.092,0.09139485676618608
ZTF21aacscvb,137.84079166666666,77.56016666666666,59233.33999999985,SN Ia,0.07,0.0625928843605625
ZTF21aaezixn,129.22237499999997,-5.917694444444445,59248.37999999989,SN Ia,0.04,0.0392004998965599
ZTF21aagqcnl,184.14475,33.526555555555554,59258.37999999989,SN Ia,0.02151,0.0214258105329851
ZTF21aagtcgb,224.32533333333328,43.459694444444445,59256.450000000186,SN Ia,0.0375,0.0375558804534321
ZTF21aagtuzm,236.63324999999998,22.537444444444446,59264.5,SN Ia,0.042,0.0415365839696421
ZTF21aagvmqr,102.09366666666665,64.7863888888889,59249.31999999983,SN Ia,0.03552,0.03564036188185691
ZTF21aagycmk,198.42404166666665,57.26219444444445,59249.41000000015,SN Ia,0.08,0.079698524644684
ZTF21aahvuvi,128.68341666666663,35.692611111111106,59265.39000000013,SN Ia,0.07829,0.0782718150856198
ZTF21aahzspd,148.0047083333333,21.174111111111113,59266.279999999795,SN Ia,0.11,0.11205378979058501
ZTF21aajdbhw,124.55375,10.890222222222222,59267.22999999998,SN Ia,0.04,0.0454285287018391
ZTF21aakildf,130.36195833333332,44.14619444444445,59273.299999999814,SN Ia,0.081,0.08116689685345299
ZTF21aalcsng,216.88679166666662,15.524916666666668,59269.37000000011,SN Ia,0.05364,0.0535673123293633
ZTF21aalimtr,183.23233333333332,62.827222222222225,59272.39999999991,SN Ia,0.05134,0.05123162784998409
ZTF21aaloalc,237.571375,8.359361111111111,59275.47999999998,SN Ia,0.0594,0.0593572400137755
ZTF21aalxurs,200.51099999999997,54.690916666666666,59272.39000000013,SN Ia,0.07935,0.0793782536746886
ZTF21aamesud,211.0527083333333,27.626166666666666,59266.47999999998,SN Ia,0.0368,0.0368762889519649
ZTF21aamgcrv,223.27904166666661,3.5372777777777777,59278.50999999978,SN Ia,0.03341,0.0332890525723379
ZTF21aamgrtx,235.2035833333333,17.88513888888889,59274.419999999925,SN Ia,0.0444,0.0443930414352632
ZTF21aamgrxm,240.22591666666665,8.089416666666667,59267.419999999925,SN Ia-pec,0.0401,0.0400844802647598
ZTF21aamuniy,186.23929166666667,6.0978055555555555,59275.439999999944,SN Ia,0.08,0.0823704126236149
ZTF21aantxma,160.47695833333333,58.250055555555555,59291.279999999795,SN Ia,0.07023,0.0702884979306634
ZTF21aanwfjk,233.79166666666666,35.620305555555554,59282.50999999978,SN Ia,0.06507,0.0649836250914734
ZTF21aaodljj,129.12008333333333,74.16636111111112,59293.16000000015,SN Ia,0.053,0.054380109514445996
ZTF21aaopqqk,280.4602916666666,61.25641666666667,59291.50999999978,SN Ia,0.0705,0.0711999731151042
ZTF21aaovdlh,130.34449999999998,2.8898055555555557,59293.14999999991,SN Ia,0.056,0.05379258903594669
ZTF21aapehpx,160.1597083333333,78.91208333333334,59309.189999999944,SN Ia,0.034,0.036011416602663
ZTF21aapjcqb,196.67241666666663,9.33175,59303.35999999987,SN Ia,0.07,0.0728269763660796
ZTF21aapkfjx,227.77462499999996,5.107277777777777,59302.35999999987,SN Ia,0.035,0.03466991153860971
ZTF21aapowty,149.1374583333333,0.7522777777777778,59306.37000000011,SN Ia,0.04621,0.046155842372734596
ZTF21aaptouk,246.409625,30.159555555555553,59300.43000000017,SN Ia,0.095,0.09506477083620309
ZTF21aapvsxv,245.54179166666663,21.22222222222222,59303.43000000017,SN Ia,0.03206,0.0320566010269068
ZTF21aaqvuyf,128.392,64.58522222222221,59312.29000000004,SN Ia,0.053,0.0530742289965152
ZTF21aaqztcg,252.1713333333333,21.99716666666667,59316.39999999991,SN Ia,0.057,0.05765803988613729
ZTF21aarcldd,219.2744583333333,34.63305555555556,59309.330000000075,SN Ia,0.084,0.0840749930396603
ZTF21aarhzdh,205.87804166666663,9.623416666666667,59319.41000000015,SN Ia,0.06975,0.0697357567628994
ZTF21aarjczf,254.30104166666666,30.50438888888889,59320.47999999998,SN Ia,0.06,0.0622386496417806
ZTF21aarojxa,184.676875,53.998583333333336,59321.29000000004,SN Ia,0.08872,0.08871369115187458
ZTF21aarrplo,178.61120833333334,55.073972222222224,59323.29000000004,SN Ia,0.04624,0.0461601429163828
ZTF21aarrwdu,226.25316666666666,5.793638888888888,59315.37999999989,SN Ia,0.033,0.032219952342247594
ZTF21aasctwo,271.9237083333333,40.83302777777778,59317.45999999996,SN Ia,0.066,0.0690865420884284
ZTF21aasgffc,118.83116666666666,41.144555555555556,59323.18000000017,SN Ia,0.07,0.07436320768830529
ZTF21aastazz,110.7268333333333,46.495555555555555,59323.200000000186,SN Ia,0.053,0.05571981945574339
ZTF21aaswtok,241.41245833333326,3.071888888888889,59325.45999999996,SN Ia,0.041,0.040987229711646006
ZTF21aasyzkt,167.76399999999998,55.130805555555554,59328.31999999983,SN Ia,0.062,0.05753785420368801
ZTF21aatdzmt,227.36529166666665,36.81744444444445,59323.299999999814,SN Ia,0.076,0.0745559401971549
ZTF21aatklhw,215.86879166666665,51.91772222222222,59325.310000000056,SN Ia,0.06689,0.06687400177195249
ZTF21aauamtx,269.5302499999999,63.65819444444444,59329.39000000013,SN Ia,0.09,0.08890368487093078
ZTF21aavhlok,242.8437083333333,28.87311111111111,59328.35000000009,SN Ia-91T,0.11,0.110640667625516
ZTF21aavotzn,152.7925833333333,54.550638888888884,59329.20999999996,SN Iax,0.04,0.0444227784201267
ZTF21aawiwqh,244.4734583333333,32.10908333333334,59334.35999999987,SN Ia,0.063,0.0632841057226476
ZTF21aawtewf,235.83783333333332,42.153638888888885,59336.29000000004,SN Ia,0.103,0.10364101691438801
ZTF21aaxgzln,139.599625,39.380944444444445,59338.18000000017,SN Ia,0.02758,0.0275779489735937
ZTF21aaxyecd,194.2534583333333,40.43444444444444,59348.25999999978,SN Ia,0.06124,0.0612482625153092
ZTF21aaxzbrn,261.6062083333333,29.126166666666666,59345.39999999991,SN Ia,0.07,0.0710162969668096
ZTF21aayggyo,251.48399999999995,2.4590833333333335,59345.439999999944,SN Ia,0.09,0.08739054226227144
ZTF21aayquba,246.30229166666666,32.94233333333333,59349.37000000011,SN Ia,0.09,0.08714976175335688
ZTF21aayyxum,160.38383333333334,52.65102777777778,59353.20999999996,SN Ia,0.06437,0.064169687765242
ZTF21aazcjbh,243.0821666666666,26.783472222222223,59354.41000000015,SN Ia,0.1,0.0944886830549891
ZTF21aazlxiw,246.50241666666665,28.427444444444447,59353.35999999987,SN Ia,0.1,0.09609567045622179
ZTF21abaaipx,317.31795833333325,5.826138888888889,59352.45999999996,SN Ia,0.073,0.0705041246536929
ZTF21abaphri,285.41074999999995,60.84997222222223,59356.39000000013,SN Ia,0.06,0.062485574431092
ZTF21abasxdp,209.67616666666663,43.12502777777778,59354.25999999978,SN Ia,0.07,0.0721180432936902
ZTF21abbsbov,222.24029166666665,18.326694444444446,59362.22999999998,SN Ia,0.04209,0.0420614860842499
ZTF21abbzcxe,217.06633333333332,-1.9821388888888891,59363.27000000002,SN Ia,0.055,0.054579443084974
ZTF21abbzqvv,248.18491666666665,30.061583333333335,59369.37000000011,SN Ia,0.076,0.07184705238116292
ZTF21abcbwke,201.7909583333333,15.09538888888889,59358.39000000013,SN Ia,0.02355,0.0236094732841543
ZTF21abchdql,342.5803333333333,27.860555555555557,59370.450000000186,SN Ia,0.083,0.0837506057829525
ZTF21abcnpnk,259.64191666666665,23.341277777777776,59369.37000000011,SN Ia,0.099,0.0918884585031748
ZTF21abcouxj,201.7235,37.77275,59372.200000000186,SN Ia,0.06218,0.0622202247844567
ZTF21abcrhbt,313.98524999999995,10.437,59371.41000000015,SN Ia,0.089,0.0917615247856633
ZTF21abcwsho,239.18366666666665,25.67402777777778,59378.299999999814,SN Ia,0.07408,0.0741843715289155
ZTF21abczjhy,245.8075416666666,26.475916666666667,59378.299999999814,SN Ia,0.06452,0.0644407305393686
ZTF21abdlyrc,220.20866666666663,42.25322222222222,59383.22999999998,SN Ia,0.08,0.0806084631464909
ZTF21abedvkp,205.01779166666665,47.43997222222222,59382.200000000186,SN Ia,0.13,0.138780703423901
ZTF21abfjrjy,226.7127083333333,23.331055555555555,59381.37999999989,SN Ia,0.07405,0.074099438162469
ZTF21abflgpq,349.78304166666663,31.101305555555555,59390.39000000013,SN Ia,0.051,0.050958077744849804
ZTF21abfxjik,347.4358333333333,-7.576444444444444,59386.37999999989,SN Ia,0.08,0.08389209868478222
ZTF21abhtaiv,265.49295833333326,47.10447222222222,59396.299999999814,SN Ia,0.081,0.0726682552488447
ZTF21abhthvj,323.05145833333336,-10.410555555555556,59396.439999999944,SN Ia,0.0689,0.0694492343116543
ZTF21abiawpf,212.64862499999998,43.17572222222222,59405.220000000205,SN Ia,0.073,0.0647067708302195
ZTF21abicabp,2.057291666666666,32.09144444444445,59401.439999999944,SN Ia,0.079,0.0729326669451471
ZTF21abienbe,317.7103333333333,5.071194444444444,59403.35000000009,SN Ia-91T,0.029,0.028267124419928298
ZTF21abifxhe,215.25991666666664,48.04058333333333,59406.200000000186,SN Ia,0.075,0.0691374841729622
ZTF21abufayv,12.033958333333333,24.44077777777778,59456.330000000075,SN Ia,0.085,0.0816287556674253
ZTF21abujefa,262.6759583333333,41.549055555555555,59460.279999999795,SN Ia-91T,0.088,0.089321387596025
ZTF21abukrln,18.947374999999997,1.5058333333333334,59460.41000000015,SN Ia,0.08,0.0773575096300922
ZTF21abulrsl,72.76724999999999,-5.956888888888889,59460.45999999996,SN Ia-91bg,0.0478,0.0476084301861085
ZTF21abvbihc,270.67062500000003,42.79588888888889,59460.200000000186,SN Ia,0.05018,0.050377265575557204
ZTF21abvrlup,323.19979166666667,-8.479888888888889,59469.189999999944,SN Ia,0.095,0.09099097419920811
ZTF21abvxguf,56.02862499999999,-11.611388888888888,59464.47999999998,SN Ia,0.076,0.0749911841542668
ZTF21abwprfg,267.09412499999996,33.68963888888889,59468.18000000017,SN Ia,0.083,0.08098065673525479
ZTF21abwtnzp,352.56154166666664,3.192333333333333,59476.35000000009,SN Ia,0.064,0.0588896976461139
ZTF21abwzpgf,9.697624999999999,32.41422222222222,59474.29000000004,SN Ia,0.03756,0.0375111391994755
ZTF21abxzzys,248.96116666666663,38.37613888888889,59480.200000000186,SN Ia,0.09887,0.0989806945462081
ZTF21abybnni,328.5653333333333,-8.615666666666666,59473.35999999987,SN Ia,0.07481,0.07488584618048448
ZTF21abylukk,335.56133333333327,-5.537916666666667,59480.31999999983,SN Ia,0.082,0.0769526812285272
ZTF21abyvjeq,313.0487083333333,-1.593138888888889,59478.20999999996,SN Ia,0.1,0.0955250114597791
ZTF21abywdxt,326.50358333333327,21.96261111111111,59478.31999999983,SN Ia,0.07,0.0712632934620405
ZTF21abzxkyv,248.98541666666662,29.067305555555556,59478.14999999991,SN Ia,0.08571,0.08573182617529
ZTF21abzywja,257.9757916666667,34.153638888888885,59478.189999999944,SN Ia,0.084,0.0842073725679587
ZTF21acasrer,274.4103333333333,35.789833333333334,59478.14000000013,SN Ia,0.064,0.0671874302983576
ZTF21acbxtir,125.237875,58.85691666666667,59487.5,SN Ia,0.028,0.0274134007920417
ZTF21acclizu,268.06291666666664,39.70891666666667,59488.14000000013,SN Ia,0.045,0.0426407120126551
ZTF21accteto,9.972624999999999,30.01683333333333,59488.299999999814,SN Ia,0.09316,0.0931265653203582
ZTF21acdwvwo,278.10891666666663,51.56877777777778,59490.18000000017,SN Ia,0.028,0.0328076268620541
ZTF21acenkuf,342.5469166666666,30.36327777777778,59504.299999999814,SN Ia,0.01231,0.0122897302789728
ZTF21acfiqtd,121.84920833333334,54.194222222222216,59500.450000000186,SN Ia,0.0824,0.082454230065832
ZTF21acfslmr,340.74770833333326,7.06025,59502.25999999978,SN Ia,0.0699,0.069971955658691
ZTF21achiyue,136.00124999999997,8.135555555555555,59509.5,SN Ia,0.09,0.0828172907056014
ZTF21achjwus,157.97975,49.365500000000004,59509.50999999978,SN Ia,0.05212,0.05222068771502359
ZTF21acimjvp,19.524541666666664,7.3253055555555555,59517.220000000205,SN Ia,0.047,0.044161522161911854
ZTF21acincqb,10.8995,30.592305555555555,59520.25999999978,SN Ia-91bg,0.01808,0.0180270838062982
ZTF21acindcq,355.00645833333334,27.277083333333334,59522.24000000022,SN Ia,0.031,0.0303769963022585
ZTF21acinvvh,72.46083333333331,0.5669166666666666,59521.37999999989,SN Ia,0.0675,0.0752056315068122
ZTF21acipofv,134.6985,1.8429166666666668,59518.450000000186,SN Ia,0.05814,0.05814123349523108
ZTF21acisemu,354.0557083333333,9.688055555555556,59520.22999999998,SN Ia,0.044,0.0451771148988075
ZTF21aciuhyy,5.1111249999999995,29.449305555555554,59525.20999999996,SN Ia,0.097,0.0906380886299017
ZTF21acjcwyn,312.4690416666666,3.341416666666667,59529.10999999987,SN Ia,0.1,0.09212783854283861
ZTF21acjgafq,21.38570833333333,8.618694444444445,59531.25,SN Ia,0.04965,0.0496345276242577
ZTF21acjotip,162.601,47.43358333333333,59529.50999999978,SN Ia,0.07917,0.07914163262266441
ZTF21acmresp,164.0933333333333,1.0482777777777779,59532.52000000002,SN Ia,0.07,0.0680703297414061
