ZTFID,RA,Dec,peakt,type,redshift
ZTF18aaermez,153.1787083333333,39.37388888888889,58514.41000000015,SN Ia,0.02284
ZTF18aaizerg,219.6982083333333,50.102722222222226,58856.56999999983,SN Ia,0.0685
ZTF18aajivpr,179.19541666666663,52.48386111111111,58956.29000000004,SN Ia,0.0515
ZTF18aangpkx,255.33904166666662,32.78586111111111,58985.419999999925,SN Ia,0.0699
ZTF18aanygjk,273.06391666666667,56.61991666666667,58653.37000000011,SN Ia,0.049
ZTF18aaoufjt,215.32179166666663,35.508805555555554,58635.25999999978,SN Ia,0.0298
ZTF18aaqskoy,255.90775,36.42919444444444,58255.419999999925,SN Ia,0.085
ZTF18aaqydat,244.24404166666662,27.617722222222223,59382.330000000075,SN Ia,0.04979
ZTF18aarwxum,267.3714583333333,58.569361111111114,58693.25999999978,SN Ia,0.09
ZTF18aatezaj,226.54237499999996,53.41063888888889,59309.39000000013,SN Ia,0.03419
ZTF18aatjfoe,221.2128333333333,43.31677777777778,59325.37000000011,SN Ia,0.081
ZTF18aatrkga,273.0043749999999,51.724583333333335,59088.169999999925,SN Ia,0.0285
ZTF18aaunfqq,238.5799583333333,39.453944444444446,58269.27000000002,SN Ia,0.07109
ZTF18aavvnzu,270.230125,52.73963888888889,59334.450000000186,SN Ia,0.0498
ZTF18aawjywv,268.7502083333333,42.89833333333333,58272.39000000013,SN Ia,0.04
ZTF18aaxdrjn,185.00683333333333,56.15886111111111,58279.200000000186,SN Ia,0.0339
ZTF18aaxkjmm,236.3713333333333,35.85519444444444,58278.27000000002,SN Ia,0.0661
ZTF18aaxmhvk,244.67795833333332,40.072583333333334,58290.330000000075,SN Ia,0.08
ZTF18aaxvpsw,224.97662499999998,39.07877777777778,58288.22999999998,SN Ia,0.0916
ZTF18aaybfsd,230.71637499999997,38.449555555555555,58903.50999999978,SN Ia,0.04
ZTF18aaydmkh,260.1610833333333,52.04194444444444,58284.31999999983,SN Ia,0.0845
ZTF18aayjvve,226.06916666666663,35.81502777777777,58294.27000000002,SN Ia,0.04727
ZTF18abaxlpi,276.55904166666664,45.010194444444444,58296.450000000186,SN Ia,0.0646
ZTF18abckujg,222.97349999999997,46.64575,58303.220000000205,SN Ia,0.074
ZTF18abcsgvj,266.102625,55.17541666666666,58302.29000000004,SN Ia,0.06
ZTF18abcyilc,184.04845833333331,68.55838888888889,58312.220000000205,SN Ia-pec,0.06
ZTF18abcysdx,272.98887499999995,30.04538888888889,58308.330000000075,SN Ia,0.067
ZTF18abdefet,266.07545833333336,68.0291111111111,58310.39000000013,SN Ia,0.075
ZTF18abdfazk,216.9800833333333,40.974333333333334,58306.220000000205,SN Ia,0.087
ZTF18abetehf,233.487125,31.169805555555556,58320.169999999925,SN Ia,0.06487
ZTF18abetejo,208.64391666666663,42.77458333333333,58311.24000000022,SN Ia,0.07
ZTF18abetewu,217.30899999999994,46.05083333333333,58322.25,SN Ia,0.077
ZTF18abfeyey,257.5448333333333,57.29541666666667,59414.25999999978,SN Ia,0.089
ZTF18abfgygp,274.3394166666667,54.537416666666665,58323.39000000013,SN Ia,0.07
ZTF18abfwuwn,251.42820833333332,37.89041666666667,58322.200000000186,SN Ia,0.1
ZTF18abgxvra,266.18454166666663,38.16405555555556,58333.330000000075,SN Ia,0.1
ZTF18abifioh,249.4654583333333,24.883055555555558,58906.52000000002,SN Ia,0.103
ZTF18abjstcm,284.71874999999994,69.01352777777778,58342.330000000075,SN Ia,0.079
ZTF18abjvhec,226.37679166666666,30.91022222222222,58337.18000000017,SN Ia,0.0569
ZTF18abkhcwl,236.5295833333333,29.733472222222222,58343.169999999925,SN Ia,0.03164
ZTF18abkudjo,227.06062499999996,34.86833333333333,58343.169999999925,SN Ia,0.09216
ZTF18ablongw,262.67812499999997,62.83108333333334,58349.24000000022,SN Ia,0.08181
ZTF18ablqlzp,234.13324999999998,41.799861111111106,58350.14999999991,SN Ia,0.0414
ZTF18ablrljh,248.84387499999997,22.468416666666666,58346.18000000017,SN Ia,0.094
ZTF18ablwtkf,279.4660833333333,51.838,58348.33999999985,SN Ia,0.053
ZTF18abmjvpb,239.54866666666663,19.765166666666666,58360.25,SN Ia,0.06607
ZTF18abmkaps,254.61674999999994,11.476611111111112,58356.22999999998,SN Ia-91T,0.074
ZTF18abmmdif,270.146625,61.69772222222222,58352.35000000009,SN Ia,0.075
ZTF18abmxahs,257.54654166666666,21.649055555555556,58362.20999999996,SN Ia,0.0148
ZTF18abobkii,243.69570833333333,43.30522222222222,58359.220000000205,SN Ia,0.0597
ZTF18abpaywm,277.8893333333333,49.816111111111105,58370.27000000002,SN Ia,0.045
ZTF18abqlpgq,340.10274999999996,16.19077777777778,58364.27000000002,SN Ia,0.09526
ZTF18abqyaix,20.799249999999997,1.0033055555555555,59081.45999999996,SN Ia,0.0582
ZTF18abrfccm,26.862999999999996,0.9676666666666667,59165.189999999944,SN Ia,0.1
ZTF18abrzeym,264.1127083333333,22.490555555555556,58373.14999999991,SN Ia,0.056
ZTF18abwkzuc,108.910125,37.57405555555556,58386.450000000186,SN Ia,0.065
ZTF18abxhsyn,36.193708333333326,7.370472222222221,59123.310000000056,SN Ia,0.03757
ZTF18acbxmvy,354.2539583333333,21.431472222222222,58437.22999999998,SN Ia,0.05
ZTF18aceyjco,185.04416666666665,52.63166666666667,58440.470000000205,SN Ia,0.08329
ZTF18acmyxfx,67.57841666666666,-5.703083333333334,58447.37999999989,SN Ia,0.06
ZTF18acnbenl,169.9992083333333,61.981944444444444,58450.470000000205,SN Ia,0.065
ZTF18acpuxuh,63.47929166666666,-6.276694444444445,58450.39999999991,SN Ia,0.099
ZTF18acqqyah,171.83841666666666,59.63005555555556,58461.470000000205,SN Ia,0.01706
ZTF18acqsfxh,142.34133333333332,54.00775,58455.47999999998,SN Ia,0.04184
ZTF18acqsztr,203.67474999999996,8.14261111111111,58991.299999999814,SN Ia,0.0835
ZTF18acrxppd,156.51408333333333,64.83666666666666,58464.49000000022,SN Ia,0.03781
ZTF18acsohut,100.04299999999999,54.07916666666667,58464.330000000075,SN Ia,0.1
ZTF18acspjqd,109.37958333333331,37.696999999999996,58471.27000000002,SN Ia,0.08
ZTF18acsxpmp,10.178916666666664,30.046083333333335,58464.27000000002,SN Ia,0.076
ZTF18acusbdy,108.56208333333332,37.46391666666667,58474.50999999978,SN Ia,0.07
ZTF18acusbyf,102.83520833333331,45.64458333333333,58474.29000000004,SN Ia,0.02
ZTF18acusrws,182.0139583333333,39.24508333333333,58480.52000000002,SN Ia,0.032
ZTF18acwwowy,180.57774999999998,59.25672222222222,58480.50999999978,SN Ia,0.05516
ZTF18acxyarg,120.11004166666666,42.821444444444445,58486.470000000205,SN Ia,0.04205
ZTF18acybdar,176.08337499999996,34.514694444444444,58486.54000000004,SN Ia,0.0713
ZTF18acynmcp,7.288458333333332,-0.10536111111111111,58472.18000000017,SN Ia,0.0686
ZTF19aaarhtg,318.10124999999994,13.00475,59051.37999999989,SN Ia,0.028
ZTF19aabvfwn,129.06162499999996,-5.350583333333333,58506.45999999996,SN Ia,0.04138
ZTF19aacijie,143.86575,53.77016666666667,58502.439999999944,SN Ia,0.061
ZTF19aacivvy,240.3377083333333,15.44438888888889,58502.47999999998,SN Ia,0.03
ZTF19aaekvhn,136.84616666666665,75.78111111111112,58523.200000000186,SN Ia,0.061
ZTF19aaeopqn,199.74858333333333,32.974611111111116,58514.43000000017,SN Ia,0.039
ZTF19aaeoqkk,224.04616666666664,33.46808333333333,58522.52000000002,SN Ia,0.07
ZTF19aaeoqst,245.68329166666663,24.019333333333332,58526.529999999795,SN Ia-CSM,0.06
ZTF19aafmfxg,162.95262499999998,8.840972222222224,58526.419999999925,SN Ia-91T,0.052
ZTF19aafmhcl,132.33604166666663,11.199055555555557,58526.20999999996,SN Ia,0.068
ZTF19aafwrhf,123.61070833333329,9.645555555555555,58838.439999999944,SN Ia,0.0527
ZTF19aagmsrr,159.40991666666665,37.458194444444445,58526.43000000017,SN Ia,0.023
ZTF19aailqli,200.33104166666664,52.778527777777775,58538.49000000022,SN Ia,0.058
ZTF19aailteb,229.48566666666665,37.11397222222222,58526.470000000205,SN Ia,0.078
ZTF19aajwhbc,180.80804166666664,54.01716666666667,58538.35000000009,SN Ia,0.1
ZTF19aakiyly,217.836875,23.42227777777778,58541.419999999925,SN Ia,0.07
ZTF19aakljys,181.44779166666666,37.82863888888889,58538.35000000009,SN Ia,0.04396
ZTF19aaknign,120.01766666666666,39.89786111111111,58547.189999999944,SN Ia,0.09575
ZTF19aaldqvh,160.99604166666666,51.11280555555556,58541.27000000002,SN Ia,0.101
ZTF19aaluprf,126.81624999999997,-0.20847222222222223,58559.14999999991,SN Ia,0.09
ZTF19aalveag,185.42187499999997,31.708805555555553,58559.31999999983,SN Ia,0.05
ZTF19aalzmmt,226.4068333333333,21.374444444444446,58560.29000000004,SN Ia-91T,0.061
ZTF19aamfxby,118.38433333333332,65.41691666666667,58575.220000000205,SN Ia-91T,0.07
ZTF19aamhhae,212.68116666666663,54.614000000000004,58567.41000000015,SN Ia,0.04
ZTF19aamhhyo,208.16008333333332,33.0855,58567.279999999795,SN Ia,0.08
ZTF19aamkywr,256.28574999999995,7.990555555555556,58568.439999999944,SN Ia,0.03034
ZTF19aammewd,150.78004166666665,3.3516666666666666,58556.20999999996,SN Ia,0.058
ZTF19aamooex,197.97104166666665,38.86902777777778,58567.299999999814,SN Ia,0.08
ZTF19aanejfr,127.62545833333331,15.81188888888889,58575.200000000186,SN Ia,0.0428
ZTF19aanesxt,158.66374999999996,53.97288888888889,58575.27000000002,SN Ia,0.048
ZTF19aanhgqg,212.20474999999996,35.61425,58575.35999999987,SN Ia-91bg,0.02777
ZTF19aanmclt,227.83849999999998,11.39411111111111,58572.45999999996,SN Ia,0.045
ZTF19aanmdsr,258.0367083333333,55.306805555555556,58587.43000000017,SN Ia,0.125
ZTF19aanmeyw,244.36466666666666,0.9866944444444444,58577.439999999944,SN Ia,0.06
ZTF19aansyyn,221.71329166666666,37.790055555555554,58583.35999999987,SN Ia,0.078
ZTF19aanuipr,281.2955416666666,47.537527777777775,58584.52000000002,SN Ia,0.07
ZTF19aanuuen,237.83816666666664,8.271444444444445,58586.37999999989,SN Ia,0.0701
ZTF19aanxrkt,232.44799999999995,7.20125,58591.37999999989,SN Ia,0.09
ZTF19aaobwpx,233.9103333333333,35.011722222222225,58592.450000000186,SN Ia,0.05
ZTF19aaojnrx,199.66708333333332,1.914111111111111,58586.330000000075,SN Ia,0.0508
ZTF19aaomkvl,241.12520833333332,17.470805555555554,58586.37999999989,SN Ia,0.03961
ZTF19aapcvdi,131.50520833333334,3.6342777777777777,58584.14999999991,SN Ia,0.07671
ZTF19aapcvxi,142.00608333333332,4.0120555555555555,58584.22999999998,SN Ia,0.06
ZTF19aaphntn,252.48716666666667,25.704555555555554,59054.35000000009,SN Ia,0.09
ZTF19aapnzde,224.45116666666664,34.47819444444445,58596.45999999996,SN Ia,0.07087
ZTF19aapszzy,223.125375,37.06211111111111,58596.439999999944,SN Ia,0.07
ZTF19aaptwpu,146.52558333333332,67.20694444444445,58598.24000000022,SN Ia,0.07
ZTF19aapvhhp,199.2275833333333,33.418861111111106,58602.310000000056,SN Ia,0.08434
ZTF19aaqtcmy,243.29695833333327,54.78827777777778,58596.450000000186,SN Ia,0.07
ZTF19aaqtyku,186.595375,71.56363888888889,58592.25999999978,SN Ia,0.0234
ZTF19aardunx,233.86183333333332,8.3865,58605.37999999989,SN Ia,0.04301
ZTF19aarfnto,215.51087499999997,30.067,58602.27000000002,SN Ia,0.08523
ZTF19aarhxgn,163.09591666666665,72.08055555555555,58606.200000000186,SN Ia,0.033
ZTF19aarmtgu,121.65362499999999,10.457416666666665,59137.45999999996,SN Ia,0.04185
ZTF19aarprog,248.5427083333333,19.634777777777778,58612.419999999925,SN Ia-91T,0.0542
ZTF19aatgwhs,265.22429166666666,38.73538888888889,58616.470000000205,SN Ia,0.04102
ZTF19aatgznl,213.0484166666666,40.09861111111111,58616.25999999978,SN Ia,0.0671
ZTF19aathcvn,256.3819166666666,12.568388888888888,58616.45999999996,SN Ia,0.04
ZTF19aatlmbo,208.37129166666665,40.27536111111111,58619.25999999978,SN Ia,0.00775
ZTF19aauhhjy,159.76783333333333,39.97225,58622.16000000015,SN Ia,0.0682
ZTF19aauhwbp,181.00424999999998,65.09630555555555,58622.169999999925,SN Ia,0.03942
ZTF19aauitks,200.26099999999997,20.09875,58628.20999999996,SN Ia,0.098
ZTF19aaumvig,249.45104166666664,25.789472222222223,58632.330000000075,SN Ia,0.049
ZTF19aauplxw,228.03266666666664,1.0604722222222223,58619.27000000002,SN Ia,0.087
ZTF19aaurstb,272.43341666666663,44.18105555555555,58627.39000000013,SN Ia,0.05
ZTF19aauvjws,187.99054166666664,35.85380555555556,58632.18000000017,SN Ia,0.09351
ZTF19aavhxby,224.13699999999997,-2.1064166666666666,58642.299999999814,SN Ia,0.02313
ZTF19aavhypb,219.64162499999998,50.08722222222222,58635.22999999998,SN Ia,0.068
ZTF19aavmlqh,253.17299999999997,11.381388888888889,58638.35000000009,SN Ia,0.08
ZTF19aavnxwj,191.95862499999998,41.85725,58647.24000000022,SN Ia,0.08
ZTF19aavounq,227.49141666666665,14.518111111111113,58644.20999999996,SN Ia,0.0763
ZTF19aavsahh,247.57787499999995,6.197444444444445,58642.29000000004,SN Ia,0.063
ZTF19aawafvn,219.31504166666664,30.16583333333333,58653.27000000002,SN Ia,0.074
ZTF19aawhniz,211.8100833333333,49.093833333333336,58647.24000000022,SN Ia,0.0713
ZTF19aawmqtd,262.0882083333333,23.74425,58653.310000000056,SN Ia,0.057
ZTF19aawnqoj,233.21462499999998,6.294611111111111,58652.169999999925,SN Ia,0.07
ZTF19aawqckx,270.57174999999995,69.88199999999999,58651.450000000186,SN Ia,0.034
ZTF19aawrumx,293.3744583333333,67.50661111111111,58649.39000000013,SN Ia,0.06
ZTF19aawyepw,244.80512499999998,34.16525,58644.279999999795,SN Ia,0.06
ZTF19aaxffum,239.67162499999998,11.240277777777777,58653.22999999998,SN Ia-91T,0.05498
ZTF19aaxfzao,271.0769583333333,29.733416666666667,58653.39999999991,SN Ia,0.037
ZTF19aaycomi,351.3043333333333,9.453138888888889,58655.47999999998,SN Ia,0.03
ZTF19aayjsty,212.6858333333333,-8.203999999999999,58652.189999999944,SN Ia,0.07
ZTF19aayslow,203.22704166666665,32.102472222222225,58657.200000000186,SN Ia,0.06
ZTF19aazdirb,351.7989166666666,-10.070333333333332,58655.439999999944,SN Ia,0.09
ZTF19aazgdss,241.1804583333333,27.95336111111111,58647.220000000205,SN Ia,0.07729
ZTF19aazgpar,261.58799999999997,19.62061111111111,58657.22999999998,SN Ia,0.09
ZTF19aaziick,247.51920833333332,27.056,58653.29000000004,SN Ia,0.08
ZTF19aazlsfj,324.6164583333333,0.5466388888888889,58658.45999999996,SN Ia,0.07
ZTF19aazxcvl,214.02254166666665,45.66011111111111,58663.220000000205,SN Ia,0.06
ZTF19aazzpje,238.6585,24.69077777777778,58657.20999999996,SN Ia,0.09
ZTF19abafrvy,204.57341666666662,3.3960833333333333,58661.20999999996,SN Ia,0.078
ZTF19abaosan,229.8107083333333,7.866388888888888,58674.200000000186,SN Ia,0.047
ZTF19abaukyt,245.60516666666666,44.78563888888889,58672.220000000205,SN Ia,0.0715
ZTF19abbvzgr,262.8223333333333,36.45063888888889,58675.33999999985,SN Ia,0.0498
ZTF19abcfzdy,219.28141666666667,33.12566666666667,58679.189999999944,SN Ia,0.08751
ZTF19abcnpkt,264.8198333333333,16.153027777777776,58675.29000000004,SN Ia,0.085
ZTF19abctnpk,340.4690416666666,18.64922222222222,58677.299999999814,SN Ia,0.08
ZTF19abeizmo,163.35291666666663,75.93897222222222,58874.25999999978,SN Ia,0.065
ZTF19abetjcx,245.79499999999996,0.8107222222222222,58678.189999999944,SN Ia,0.058
ZTF19abeytzv,342.7702083333333,5.429444444444445,58693.37999999989,SN Ia,0.07
ZTF19abfaqqo,197.3110833333333,51.58583333333333,58679.279999999795,SN Ia,0.1
ZTF19abfdsbu,224.7993333333333,48.34916666666667,58682.18000000017,SN Ia,0.092
ZTF19abfibel,19.990708333333334,2.2444444444444445,58685.439999999944,SN Ia,0.04529
ZTF19abfvhlx,334.93404166666664,-12.30338888888889,58686.47999999998,SN Ia,0.05638
ZTF19abgafkt,24.901416666666663,29.602611111111113,60250.200000000186,SN Ia,0.078
ZTF19abgbkwv,230.60412499999998,1.0252222222222223,58690.200000000186,SN Ia,0.09
ZTF19abgcbey,272.6100833333333,43.754805555555556,58694.200000000186,SN Ia,0.075
ZTF19abgfrbl,358.056875,17.67913888888889,58688.45999999996,SN Ia,0.092
ZTF19abgppki,243.5709583333333,30.999472222222224,58694.20999999996,SN Ia,0.0617
ZTF19abgprpq,265.75162499999993,25.09922222222222,58694.189999999944,SN Ia,0.05
ZTF19abguzsx,226.78341666666665,3.7830833333333334,58692.18000000017,SN Ia,0.09083
ZTF19abheamc,7.215333333333333,-1.0734722222222222,58699.439999999944,SN Ia,0.037
ZTF19abhiayh,335.7154583333333,17.38175,58691.439999999944,SN Ia,0.09
ZTF19abhjhes,23.794625,28.52486111111111,58694.41000000015,SN Ia,0.08
ZTF19abhzewi,227.76399999999998,52.05016666666666,58698.200000000186,SN Ia,0.03692
ZTF19abirbpd,9.914416666666666,30.17816666666667,58706.41000000015,SN Ia,0.07
ZTF19abitbcj,239.8810833333333,43.42958333333333,58708.16000000015,SN Ia,0.038
ZTF19abitljz,262.8485833333333,19.96638888888889,58707.14999999991,SN Ia,0.08
ZTF19abjozed,20.98833333333333,1.036388888888889,58706.419999999925,SN Ia,0.08
ZTF19abjslyw,221.38308333333333,43.24202777777778,58705.18000000017,SN Ia,0.0443
ZTF19ablfcjr,351.50174999999996,-1.221888888888889,58707.45999999996,SN Ia,0.0831
ZTF19ablpnmk,8.685208333333332,1.5748888888888888,58709.419999999925,SN Ia,0.06
ZTF19abmzord,335.7694583333333,-3.015361111111111,58713.35999999987,SN Ia,0.06
ZTF19abnimpq,31.347041666666666,30.767,58712.49000000022,SN Ia,0.0705
ZTF19abnmrqt,278.308,50.35877777777778,58710.18000000017,SN Ia,0.08
ZTF19abnoxud,333.0110833333333,0.052194444444444446,58713.35999999987,SN Ia,0.05677
ZTF19abomiel,276.2007916666666,40.18963888888889,58716.169999999925,SN Ia,0.066
ZTF19abovtfk,222.6419583333333,34.50302777777778,58712.24000000022,SN Ia,0.076
ZTF19abozuxh,1.8180416666666666,32.189277777777775,58716.37999999989,SN Ia,0.063
ZTF19abpbbxx,32.15158333333333,6.1121944444444445,58718.439999999944,SN Ia,0.073
ZTF19abpbqor,264.86204166666664,31.24338888888889,58725.25,SN Ia,0.053
ZTF19abplfxs,51.690625,1.1833055555555556,58722.439999999944,SN Ia,0.0485
ZTF19abpxcaf,31.09975,3.1867777777777775,58727.47999999998,SN Ia,0.063
ZTF19abpyjqx,238.585375,21.458666666666666,58724.169999999925,SN Ia,0.05438
ZTF19abqhikf,244.82649999999995,42.21922222222222,58734.16000000015,SN Ia,0.04
ZTF19abqlrtb,61.27070833333332,-6.604805555555555,58725.5,SN Ia,0.057
ZTF19abqqmui,330.41349999999994,6.317666666666667,58730.37999999989,SN Ia,0.05
ZTF19abqviuy,5.144208333333332,5.755027777777777,58726.450000000186,SN Ia,0.056
ZTF19absfopz,266.33391666666665,44.40886111111111,58740.27000000002,SN Ia,0.048
ZTF19abuayqg,338.506875,27.260805555555557,58740.200000000186,SN Ia,0.11
ZTF19abuonnx,330.252375,20.698833333333333,58736.37999999989,SN Ia,0.0898
ZTF19aburnqh,98.76483333333331,62.96947222222222,58738.450000000186,SN Ia,0.038
ZTF19abuxhqc,21.041375,6.971472222222222,58736.47999999998,SN Ia,0.07
ZTF19abvhduf,97.13966666666666,56.07519444444445,58744.50999999978,SN Ia,0.029
ZTF19abvjcii,257.97041666666667,72.42108333333334,58739.14999999991,SN Ia,0.056
ZTF19abwsecm,49.599124999999994,-1.9304444444444444,58741.439999999944,SN Ia,0.02201
ZTF19abwsxug,31.512041666666665,30.607555555555557,58743.35999999987,SN Ia,0.083
ZTF19abxdnhr,257.439625,31.739194444444447,58743.14000000013,SN Ia,0.054
ZTF19abyhxzp,20.496499999999997,7.452777777777778,58750.31999999983,SN Ia,0.086
ZTF19abymhad,62.76233333333333,-16.51247222222222,58748.47999999998,SN Ia,0.13
ZTF19abymvpq,140.73129166666666,54.028194444444445,58751.49000000022,SN Ia,0.06
ZTF19abzfmak,267.7864583333333,24.803472222222222,58760.12999999989,SN Ia,0.074
ZTF19abzkexb,320.55025,11.560055555555556,58754.25,SN Ia,0.0867
ZTF19abzlsbl,58.04466666666666,-8.506361111111111,58756.47999999998,SN Ia,0.03
ZTF19abzvvkb,339.3922083333333,13.395861111111111,58760.27000000002,SN Ia-91T,0.094
ZTF19abzzgec,71.86175,-4.014055555555555,58756.419999999925,SN Ia,0.08
ZTF19abzzhsa,110.54908333333331,52.19830555555555,58759.50999999978,SN Ia,0.041
ZTF19acbmjrp,64.56983333333332,-0.13108333333333333,58769.439999999944,SN Ia,0.085
ZTF19acbpwwg,276.05887499999994,46.97547222222222,58770.200000000186,SN Ia,0.09
ZTF19acbswdq,7.085874999999999,-0.8584999999999999,58766.35000000009,SN Ia,0.0667
ZTF19acbunmk,46.08283333333333,-2.3061944444444444,58769.47999999998,SN Ia,0.028
ZTF19acbvquo,154.16424999999998,34.5475,58767.49000000022,SN Ia,0.106
ZTF19acchjle,56.79524999999999,-10.994638888888888,58775.37999999989,SN Ia,0.072
ZTF19acckggd,115.03058333333331,26.546083333333335,58768.439999999944,SN Ia,0.08
ZTF19accstol,123.52679166666663,4.935527777777778,58770.47999999998,SN Ia,0.083
ZTF19acdihrz,60.189541666666656,-7.038444444444444,58775.35999999987,SN Ia,0.066
ZTF19acennqf,341.3895416666666,-8.75286111111111,58778.31999999983,SN Ia,0.05005
ZTF19acetzrc,30.53020833333333,23.550166666666666,59510.29000000004,SN Ia,0.0159
ZTF19acexijn,47.134249999999994,-10.040777777777778,58787.35999999987,SN Ia,0.02
ZTF19acfecsg,310.7860416666666,5.649388888888889,58781.10000000009,SN Ia,0.07
ZTF19acfmwlh,34.641166666666656,6.677833333333334,58785.330000000075,SN Ia,0.05
ZTF19acfrntd,176.61395833333333,34.279444444444444,58785.50999999978,SN Ia,0.07
ZTF19acftaml,327.2575833333333,1.175,58781.189999999944,SN Ia,0.1
ZTF19acgaxej,36.94466666666667,-3.8020277777777776,58787.35999999987,SN Ia,0.07
ZTF19acgdxel,137.06083333333333,1.5407777777777776,58781.45999999996,SN Ia,0.102
ZTF19acgjnfz,172.6487083333333,68.68080555555557,58789.50999999978,SN Ia,0.05
ZTF19acgjosf,157.14925,8.200249999999999,58799.47999999998,SN Ia,0.07049
ZTF19acgrbeb,26.172916666666666,7.947277777777778,58791.29000000004,SN Ia,0.064
ZTF19achagst,112.65016666666665,45.21202777777778,58790.47999999998,SN Ia,0.068
ZTF19achajnc,106.68370833333331,59.47516666666667,58793.50999999978,SN Ia,0.09
ZTF19achejoc,20.912999999999997,7.119249999999999,58791.27000000002,SN Ia,0.05
ZTF19achtewn,141.9022083333333,37.00944444444445,58786.529999999795,SN Ia,0.1
ZTF19acjnaxa,149.7520833333333,12.749333333333333,58793.52000000002,SN Ia,0.0894
ZTF19ackjlrd,187.33429166666664,49.273833333333336,58799.49000000022,SN Ia,0.1
ZTF19aclhohd,141.25354166666662,1.8885555555555555,58804.54000000004,SN Ia,0.06972
ZTF19acmvrsw,133.9479583333333,0.7930833333333334,58796.529999999795,SN Ia,0.042
ZTF19acngsnb,15.917416666666666,1.054638888888889,58802.189999999944,SN Ia,0.11
ZTF19acnzkph,10.213624999999999,2.840416666666667,58811.14999999991,SN Ia,0.01789
ZTF19acokzjy,119.74812499999999,12.534472222222222,58800.549999999814,SN Ia,0.0652
ZTF19acordoi,270.79808333333335,74.72761111111112,58803.08999999985,SN Ia-91T,0.089
ZTF19acqehbt,130.68162499999997,19.651249999999997,58798.529999999795,SN Ia,0.045
ZTF19acrbyzj,127.05454166666667,0.02488888888888889,58806.470000000205,SN Ia,0.02
ZTF19acvijnj,19.639083333333332,-0.22822222222222224,58831.14999999991,SN Ia,0.05
ZTF19acvlycr,105.77041666666665,71.88875,58827.31999999983,SN Ia,0.083
ZTF19acvrigb,136.03274999999996,39.67836111111111,58823.439999999944,SN Ia,0.02805
ZTF19acwiqrc,1.7758333333333332,31.05377777777778,59167.330000000075,SN Ia,0.048
ZTF19acxguhd,339.2114583333333,18.379083333333334,58820.12999999989,SN Ia,0.0761
ZTF19acxgwid,346.50379166666664,0.31127777777777776,58828.12999999989,SN Ia,0.0746
ZTF19acxovkl,151.2508333333333,-4.800583333333333,58827.439999999944,SN Ia,0.06
ZTF19acxyfkf,102.40174999999999,56.129416666666664,58836.5,SN Ia,0.04
ZTF19acyitga,159.79679166666665,5.161916666666667,58836.549999999814,SN Ia,0.0708
ZTF19acykjcw,353.32212499999997,30.839555555555556,58846.10999999987,SN Ia,0.03178
ZTF19acyqdxa,63.917416666666654,-5.918361111111111,58846.25999999978,SN Ia,0.095
ZTF19aczjsqn,141.02920833333332,2.3685833333333335,58849.43000000017,SN Ia,0.089
ZTF19aczllns,29.91783333333333,5.981972222222223,58850.169999999925,SN Ia,0.075
ZTF19adafqoe,112.97749999999998,35.619416666666666,58846.25,SN Ia,0.09
ZTF19adaiyrd,166.9955,0.3818333333333333,58849.45999999996,SN Ia,0.0669
ZTF19adbricc,112.75570833333332,27.733138888888888,58855.18000000017,SN Ia,0.09
ZTF19adcdtkw,147.59575,6.243138888888889,58855.45999999996,SN Ia,0.082
ZTF19adcecwu,186.8409583333333,64.79994444444445,58864.330000000075,SN Ia,0.009
ZTF20aaawmxq,184.26779166666665,58.598194444444445,58861.450000000186,SN Ia,0.09
ZTF20aaaxacu,158.685625,11.052083333333334,58860.35999999987,SN Ia,0.0221
ZTF20aabqdbo,183.90749999999997,27.024444444444445,58859.35999999987,SN Ia,0.02558
ZTF20aabqjht,221.1358333333333,35.10538888888889,58863.450000000186,SN Ia,0.08
ZTF20aacbtgq,155.72074999999998,54.06038888888889,58867.41000000015,SN Ia,0.0629
ZTF20aadvaoi,102.79470833333332,65.59288888888888,58864.18000000017,SN Ia,0.09
ZTF20aaerxsd,210.22608333333332,45.47263888888889,58872.450000000186,SN Ia,0.0533
ZTF20aaezaxk,25.87033333333333,22.200888888888887,58871.16000000015,SN Ia,0.07
ZTF20aafciit,200.2964583333333,53.39208333333333,58872.43000000017,SN Ia,0.08
ZTF20aafcjln,182.90416666666667,0.3222777777777778,58873.39999999991,SN Ia,0.0203
ZTF20aafcmfi,171.77362499999998,-4.034583333333333,58864.33999999985,SN Ia,0.086
ZTF20aafjjqj,128.66591666666665,38.36275,58872.29000000004,SN Ia,0.04
ZTF20aagfjlj,152.99124999999998,-1.9516944444444444,58873.35999999987,SN Ia,0.045
ZTF20aaghlkv,194.27062499999997,29.08872222222222,58881.45999999996,SN Ia,0.02
ZTF20aaglivt,134.07854166666667,11.987194444444444,58883.39999999991,SN Ia,0.06665
ZTF20aagloch,142.16449999999998,55.17655555555555,58877.31999999983,SN Ia,0.0483
ZTF20aahfobk,181.39495833333334,61.92352777777778,58887.24000000022,SN Ia,0.033
ZTF20aahjymt,128.16054166666666,-4.286,58884.20999999996,SN Ia,0.07
ZTF20aahptds,195.221125,62.795944444444444,58888.470000000205,SN Ia,0.07656
ZTF20aaideho,179.82374999999996,-0.43194444444444446,58873.50999999978,SN Ia,0.093
ZTF20aaifkyj,179.9927083333333,4.921777777777778,58883.45999999996,SN Ia,0.0732
ZTF20aaifyrs,255.38612499999994,27.94275,58885.54000000004,SN Ia,0.03386
ZTF20aaifyvz,251.7498333333333,15.58525,58885.549999999814,SN Ia,0.06
ZTF20aajvcwd,186.17429166666668,-3.3536111111111113,58886.45999999996,SN Ia,0.0664
ZTF20aakfofq,114.66549999999998,28.65286111111111,58891.25,SN Ia,0.08
ZTF20aakodiq,226.16704166666665,35.94997222222222,58893.5,SN Ia-91T,0.04594
ZTF20aalrptc,234.7648333333333,31.198416666666667,58893.5,SN Ia,0.054
ZTF20aambbfn,158.37458333333333,49.31725,58894.279999999795,SN Ia,0.0439
ZTF20aamdsjv,188.46649999999997,31.309805555555556,58899.39000000013,SN Ia,0.0609
ZTF20aamknna,218.08779166666662,-3.6703055555555553,58899.529999999795,SN Ia,0.077
ZTF20aamknxn,229.05349999999999,32.65147222222222,58890.52000000002,SN Ia,0.0892
ZTF20aamksoq,184.29141666666663,3.6334166666666667,58894.37000000011,SN Ia,0.07882
ZTF20aamkyyx,189.15249999999997,8.587583333333335,58898.419999999925,SN Ia,0.0497
ZTF20aammbrw,167.45283333333333,0.8043333333333333,58895.37999999989,SN Ia,0.06297
ZTF20aammhli,269.0488333333333,62.75705555555555,58903.50999999978,SN Ia,0.015
ZTF20aammicx,261.5055833333333,34.62738888888889,58894.529999999795,SN Ia,0.08
ZTF20aammnnm,127.86491666666664,37.46002777777778,58898.27000000002,SN Ia,0.11
ZTF20aamqslk,170.3105833333333,38.772083333333335,58899.37000000011,SN Ia,0.0864
ZTF20aamttni,247.9862083333333,14.044194444444445,58904.52000000002,SN Ia,0.05351
ZTF20aansktb,195.62274999999997,28.20438888888889,58906.35000000009,SN Ia,0.1
ZTF20aansmsj,198.56187499999996,19.944305555555555,58903.35999999987,SN Ia,0.11
ZTF20aanvliy,208.5657083333333,1.8292222222222223,58898.439999999944,SN Ia,0.083
ZTF20aaosoct,148.43924999999996,-4.992138888888889,58912.25,SN Ia-91T,0.059
ZTF20aappghn,228.90116666666663,4.231694444444445,58908.49000000022,SN Ia,0.099
ZTF20aappgod,242.70524999999998,1.6249444444444445,58904.549999999814,SN Ia,0.076
ZTF20aatzwgk,240.27616666666663,19.450166666666664,58953.439999999944,SN Ia,0.01438
ZTF20aaumsrr,185.01570833333332,5.343305555555555,58955.299999999814,SN Ia,0.0073
ZTF20aauonld,254.3120833333333,14.680472222222221,58956.47999999998,SN Ia,0.053
ZTF20aauowam,233.63762499999999,37.53380555555555,58956.37000000011,SN Ia,0.064
ZTF20aaurfcm,262.2015416666666,28.75413888888889,58961.45999999996,SN Ia,0.09
ZTF20aaurhio,255.1359583333333,36.626222222222225,58956.39000000013,SN Ia,0.08
ZTF20aautzig,187.2349583333333,40.84725,58962.25999999978,SN Ia,0.0649
ZTF20aauuiri,187.14737499999998,-4.0695,58962.22999999998,SN Ia,0.05
ZTF20aauwhyi,235.98329166666664,34.41777777777777,58956.35000000009,SN Ia,0.0732
ZTF20aavhire,208.36729166666666,7.909583333333334,58965.310000000056,SN Ia,0.0374
ZTF20aavnnat,247.97895833333328,42.71033333333334,58973.450000000186,SN Ia,0.0322
ZTF20aavpnlv,170.36016666666663,3.014666666666667,58977.169999999925,SN Ia,0.00583
ZTF20aavrloz,219.74129166666663,51.08269444444445,58975.25,SN Ia,0.04332
ZTF20aavzlxm,230.5080833333333,50.17041666666666,58978.37999999989,SN Ia,0.0736
ZTF20aawoojh,268.7247083333333,56.51422222222222,58977.45999999996,SN Ia,0.05
ZTF20aaxccrm,253.4728333333333,14.534944444444445,58979.43000000017,SN Ia,0.09
ZTF20aaxfzhw,185.95104166666664,3.0106944444444443,58978.189999999944,SN Ia,0.087
ZTF20aaxmtxg,233.81324999999998,31.2215,58979.25999999978,SN Ia,0.10021
ZTF20aaxuwuh,233.800625,33.199416666666664,58977.35999999987,SN Ia,0.0703
ZTF20aaxxcms,271.5792916666667,36.63327777777778,58978.39000000013,SN Ia,0.074
ZTF20aayjxdv,273.68541666666664,43.456138888888894,58985.439999999944,SN Ia,0.058
ZTF20aayvqhl,177.3304583333333,-0.20702777777777778,58992.189999999944,SN Ia,0.0826
ZTF20aaywban,183.47549999999998,55.91661111111111,58991.20999999996,SN Ia,0.03106
ZTF20aazhtvi,237.18116666666666,29.817444444444444,58994.27000000002,SN Ia,0.085
ZTF20aazhzna,216.09979166666665,26.689694444444445,58997.29000000004,SN Ia,0.0365
ZTF20aazkxcw,238.97254166666661,11.978694444444445,58991.310000000056,SN Ia,0.035
ZTF20aazooyu,258.598,30.986722222222223,59000.419999999925,SN Ia,0.12
ZTF20aazoqmh,268.20491666666663,38.228833333333334,58996.330000000075,SN Ia,0.055
ZTF20aazpoif,231.49379166666662,46.31236111111111,58994.27000000002,SN Ia,0.08
ZTF20aazpwen,243.81766666666664,21.093333333333334,58991.29000000004,SN Ia,0.079
ZTF20aazquhc,161.14574999999996,39.094611111111114,58998.24000000022,SN Ia,0.03456
ZTF20aazstdx,223.87329166666663,32.83163888888889,58994.27000000002,SN Ia,0.06
ZTF20abapyxl,263.1405,15.73586111111111,58997.299999999814,SN Ia,0.085
ZTF20abasxmb,165.06779166666664,37.24136111111111,59001.169999999925,SN Ia,0.02475
ZTF20abatdly,184.22366666666665,54.16627777777778,59000.24000000022,SN Ia,0.093
ZTF20abatfzl,200.36374999999995,48.44108333333333,59000.24000000022,SN Ia,0.1
ZTF20abawgdl,234.54229166666664,4.780638888888888,59005.22999999998,SN Ia,0.02291
ZTF20abawntz,234.54816666666665,3.027833333333333,59001.37000000011,SN Ia,0.078
ZTF20abbihor,158.66074999999998,70.43,59014.20999999996,SN Ia,0.04
ZTF20abcgjvq,310.9344166666666,-1.2380833333333334,59013.35999999987,SN Ia,0.05607
ZTF20abeeahl,237.97416666666663,34.07338888888889,59016.200000000186,SN Ia,0.0488
ZTF20abeeyre,185.99562499999996,48.35525,59025.20999999996,SN Ia,0.0534
ZTF20abeeyrs,178.5485833333333,55.34569444444445,59019.27000000002,SN Ia,0.08
ZTF20abefaya,226.40770833333332,-5.253861111111111,59022.200000000186,SN Ia,0.093
ZTF20abefdvd,229.8433333333333,20.54352777777778,59019.25999999978,SN Ia,0.03918
ZTF20abefzfc,261.86412499999994,30.192527777777777,59018.33999999985,SN Ia,0.08
ZTF20abegate,269.968625,50.49088888888889,59022.35000000009,SN Ia,0.05
ZTF20abegopd,259.0309583333333,40.78655555555555,59016.27000000002,SN Ia-91bg,0.048
ZTF20abeljuj,278.8754166666666,36.592305555555555,59026.35999999987,SN Ia,0.04
ZTF20abfhway,229.3012083333333,5.739361111111111,59028.20999999996,SN Ia,0.04689
ZTF20abfqeef,189.3105833333333,67.00977777777777,59029.25,SN Ia,0.06114
ZTF20abgdtmv,341.18125,12.798305555555556,59025.47999999998,SN Ia,0.08
ZTF20abgfvav,226.92262499999998,32.00958333333333,59029.189999999944,SN Ia,0.095
ZTF20abguygh,245.12549999999996,30.022555555555556,59031.189999999944,SN Ia,0.0953
ZTF20abhmnom,267.29324999999994,31.759694444444445,59035.220000000205,SN Ia,0.07
ZTF20abixkhh,227.94691666666662,36.770916666666665,59043.25,SN Ia,0.041
ZTF20abjbiqf,273.32724999999994,42.251583333333336,59047.330000000075,SN Ia,0.05
ZTF20abjwuuv,266.65387499999997,20.504694444444443,59047.31999999983,SN Ia,0.063
ZTF20abjxwga,324.54575,6.741027777777778,59050.37999999989,SN Ia,0.06506
ZTF20abkcril,323.0400833333333,13.818916666666667,59051.37999999989,SN Ia,0.052
ZTF20abkzhpk,267.4847083333333,44.657805555555555,59062.24000000022,SN Ia,0.074
ZTF20ablnjvp,248.21774999999997,13.50325,59057.25999999978,SN Ia,0.0538
ZTF20abmcwtd,7.857083333333334,-12.456777777777777,59055.45999999996,SN Ia,0.07
ZTF20abnmahn,331.74475,13.033305555555556,59060.37999999989,SN Ia,0.0795
ZTF20abowpvf,0.5267499999999999,-5.280694444444444,59071.47999999998,SN Ia,0.082
ZTF20abpeyat,262.2204583333333,57.91811111111111,59075.24000000022,SN Ia,0.05
ZTF20abpqdgh,247.74212499999996,32.30755555555555,59075.200000000186,SN Ia,0.076
ZTF20abpuijn,311.21175,-7.082666666666666,59076.299999999814,SN Ia,0.06624
ZTF20abqefja,250.9189166666666,33.539027777777775,59079.200000000186,SN Ia,0.0802
ZTF20abqgzhh,324.853125,5.572916666666666,59077.310000000056,SN Ia,0.05
ZTF20abqlawg,327.317125,7.174416666666667,59079.35999999987,SN Ia,0.0711
ZTF20abqlgtv,36.24525,-5.26175,59079.45999999996,SN Ia,0.103
ZTF20abrdvpj,287.4942083333333,69.15494444444445,59090.31999999983,SN Ia,0.1
ZTF20absfrbq,317.80179166666665,4.839138888888889,59088.37000000011,SN Ia,0.07
ZTF20absvtnc,23.58116666666666,2.465361111111111,59092.37000000011,SN Ia,0.035
ZTF20abswjae,10.095874999999998,29.566194444444445,59086.39999999991,SN Ia,0.07427
ZTF20abtfnpl,316.924125,8.367805555555556,59087.27000000002,SN Ia,0.07
ZTF20abvykmy,54.99683333333332,-4.066638888888889,59092.43000000017,SN Ia,0.052
ZTF20abweedo,337.16233333333327,22.867472222222222,59099.31999999983,SN Ia,0.039
ZTF20abwktfx,271.6159583333333,46.54094444444444,59099.18000000017,SN Ia,0.02703
ZTF20abxezim,21.14516666666666,-0.4225555555555556,59099.39999999991,SN Ia,0.07575
ZTF20abxgwjr,267.2752083333333,61.630694444444444,59106.169999999925,SN Ia,0.035
ZTF20abxjefm,320.90124999999995,13.817499999999999,59109.18000000017,SN Ia,0.079
ZTF20abyfgri,315.89633333333336,-0.17288888888888887,59098.22999999998,SN Ia,0.06
ZTF20abyiycy,271.97333333333336,30.571638888888888,59111.220000000205,SN Ia,0.07
ZTF20abypkpz,315.93416666666667,7.294555555555555,59114.279999999795,SN Ia,0.064
ZTF20abyqdyg,334.707,8.777166666666668,59110.25999999978,SN Ia,0.1
ZTF20abyskia,266.89825,66.65205555555556,59112.16000000015,SN Ia,0.08
ZTF20abywspv,24.98441666666666,8.786777777777777,59109.37999999989,SN Ia,0.09
ZTF20abyxuky,34.381208333333326,10.547361111111112,59115.39999999991,SN Ia,0.08
ZTF20abyyfmw,347.38787499999995,15.65925,59118.25,SN Ia,0.02581
ZTF20abyzbxa,255.8580833333333,35.99963888888889,59113.18000000017,SN Ia,0.08
ZTF20abzvxyk,357.7435833333333,20.455555555555556,59124.33999999985,SN Ia,0.093
ZTF20acajvrj,1.2717083333333332,12.768055555555556,59125.29000000004,SN Ia,0.0705
ZTF20acberfr,107.86037499999999,62.39611111111111,59126.41000000015,SN Ia,0.09
ZTF20acbttnt,20.057166666666664,-0.044611111111111115,59122.33999999985,SN Ia-91T,0.099
ZTF20acchxpm,41.05695833333333,-2.904138888888889,59123.39999999991,SN Ia,0.08
ZTF20acfasbq,122.25366666666666,72.04147222222223,59128.50999999978,SN Ia,0.047
ZTF20acfnuee,337.90195833333325,2.5018611111111113,59128.279999999795,SN Ia,0.06
ZTF20acfvsze,24.330416666666665,4.801916666666666,59134.330000000075,SN Ia,0.06
ZTF20acgpqqr,18.511333333333333,14.381111111111112,59136.33999999985,SN Ia,0.05951
ZTF20achaxvo,15.290166666666664,-15.25125,59136.35000000009,SN Ia,0.0546
ZTF20achbkud,31.731083333333334,-11.074916666666667,59134.37999999989,SN Ia,0.085
ZTF20achksbc,290.9816666666666,67.57008333333333,59139.200000000186,SN Ia,0.076
ZTF20achncxi,109.13637499999999,78.1545,59141.43000000017,SN Ia,0.09
ZTF20achzugy,356.0064166666666,25.96302777777778,59146.189999999944,SN Ia,0.048
ZTF20aciaxil,20.323458333333335,28.432111111111112,59138.31999999983,SN Ia,0.07
ZTF20acikuon,43.20958333333333,-1.2310277777777778,59150.299999999814,SN Ia,0.0237
ZTF20aciuakv,125.91554166666663,-0.16830555555555554,59150.529999999795,SN Ia,0.03496
ZTF20aciugdl,124.99879166666666,7.793666666666667,59152.47999999998,SN Ia,0.07
ZTF20acizliy,348.4046666666666,4.148944444444445,59153.189999999944,SN Ia,0.04
ZTF20acjetyf,57.90420833333333,-10.056222222222223,59152.39000000013,SN Ia,0.033
ZTF20acjhhqx,107.82870833333332,44.37952777777778,59151.49000000022,SN Ia,0.04
ZTF20aclgnds,139.33891666666665,33.888777777777776,59150.43000000017,SN Ia,0.08
ZTF20acnsinb,331.0111666666666,3.2848888888888887,59155.169999999925,SN Ia,0.09
ZTF20acnyxln,145.64837499999996,-3.4901666666666666,59165.52000000002,SN Ia,0.055
ZTF20acoaqpm,281.1800416666666,61.56827777777778,59164.16000000015,SN Ia,0.08
ZTF20acobxlz,38.692874999999994,-13.455333333333332,59158.29000000004,SN Ia-91T,0.09
ZTF20acordqz,8.621291666666666,1.306,59171.189999999944,SN Ia,0.042
ZTF20acowata,68.80449999999999,-1.115138888888889,59167.35000000009,SN Ia,0.08
ZTF20acowpur,44.86966666666666,5.022138888888889,59167.33999999985,SN Ia,0.063
ZTF20acowuix,148.67775,45.555277777777775,59165.50999999978,SN Ia,0.09
ZTF20acoxdas,150.50804166666666,-2.0172499999999998,59165.52000000002,SN Ia,0.1
ZTF20acoxmsr,160.39649999999997,-3.4415000000000004,59165.52000000002,SN Ia,0.071
ZTF20acoyvdg,18.51970833333333,30.254944444444444,59172.14999999991,SN Ia,0.09
ZTF20acphcdv,129.13699999999997,31.142277777777778,59170.439999999944,SN Ia,0.088
ZTF20acpjfln,326.0840833333333,8.623444444444445,59181.10000000009,SN Ia,0.038
ZTF20acpkjsn,12.364666666666665,23.41258333333333,59173.189999999944,SN Ia,0.056
ZTF20acpknjk,18.972541666666665,0.01597222222222222,59173.24000000022,SN Ia,0.045
ZTF20acpumut,109.97349999999999,37.558055555555555,59179.450000000186,SN Ia,0.082
ZTF20acquetr,165.7974583333333,41.70644444444445,59176.549999999814,SN Ia,0.03079
ZTF20acqzjqz,43.74595833333333,4.06025,59185.20999999996,SN Ia,0.0241
ZTF20acqzpta,24.47854166666666,30.106916666666667,59180.189999999944,SN Ia,0.07135
ZTF20acrhrcy,110.35245833333332,50.131194444444446,59179.35999999987,SN Ia,0.1
ZTF20acsdykp,124.86337499999999,2.1014166666666667,59184.43000000017,SN Ia,0.1
ZTF20acselme,134.13629166666666,39.141333333333336,59310.200000000186,SN Ia,0.042
ZTF20acsesce,129.0450833333333,-3.4350833333333335,59187.439999999944,SN Ia,0.052
ZTF20actljfs,155.8214583333333,-8.388722222222222,59181.52000000002,SN Ia,0.06
ZTF20actoakx,188.54070833333333,-6.314361111111111,59194.54000000004,SN Ia,0.03
ZTF20actvlbq,152.56929166666663,7.955583333333333,59194.439999999944,SN Ia,0.08303
ZTF20acuimtq,160.51966666666664,69.67458333333335,59194.43000000017,SN Ia,0.069
ZTF20aculruc,358.55995833333327,-4.805527777777778,59199.10999999987,SN Ia,0.077
ZTF20acuosvy,187.20941666666664,-1.9440833333333334,59194.52000000002,SN Ia,0.00807
ZTF20acusneh,161.87791666666664,3.124527777777778,59198.5,SN Ia,0.054
ZTF20acvagdq,149.97962499999997,13.045083333333332,59199.41000000015,SN Ia,0.03542
ZTF20acvbrbv,24.102291666666666,22.049805555555558,59193.220000000205,SN Ia-91bg,0.05
ZTF20acvkjrm,189.02441666666664,51.500638888888886,59200.47999999998,SN Ia,0.09069
ZTF20acwfanr,216.03733333333332,6.191111111111112,59203.52000000002,SN Ia,0.05585
ZTF20acwfcfs,218.05179166666665,0.22380555555555556,59203.560000000056,SN Ia,0.03554
ZTF20acwoamm,127.80616666666667,18.719194444444444,59200.41000000015,SN Ia,0.067
ZTF20acwomqh,148.44699999999997,-5.335305555555555,59200.45999999996,SN Ia,0.0686
ZTF20acwpaov,132.3960833333333,9.587361111111111,59203.45999999996,SN Ia,0.05913
ZTF20acwyoxc,159.7242083333333,-0.9418055555555556,59199.52000000002,SN Ia,0.07551
ZTF20acxncha,4.979499999999999,23.952527777777778,59216.14000000013,SN Ia,0.048
ZTF20acxtewc,214.38470833333332,3.8289999999999997,59203.549999999814,SN Ia,0.0363
ZTF20acyrodl,238.06949999999998,33.94102777777778,59217.470000000205,SN Ia,0.04902
ZTF20acywbes,164.97274999999996,59.95430555555556,59216.450000000186,SN Ia,0.04507
ZTF20acywefl,118.36712499999997,28.262555555555554,59216.37999999989,SN Ia,0.05859
ZTF20acyxrez,154.08170833333335,-1.5163055555555556,59216.439999999944,SN Ia,0.0917
ZTF20acyyavb,175.368375,-2.250888888888889,59216.54000000004,SN Ia,0.048
ZTF20adadmsg,53.78524999999999,-8.591888888888889,59224.189999999944,SN Ia,0.07
ZTF20adadshh,165.46516666666668,75.2005,59224.310000000056,SN Ia,0.02468
ZTF21aaabaey,118.791125,44.131194444444446,59227.43000000017,SN Ia,0.06569
ZTF21aaabviz,187.34062499999996,31.254527777777778,59219.439999999944,SN Ia,0.06
ZTF21aaabvjk,206.79454166666665,34.08925,59225.47999999998,SN Ia,0.01638
ZTF21aaabzsj,225.12174999999996,22.384777777777778,59219.52000000002,SN Ia,0.05735
ZTF21aaahliy,162.1865,0.8790277777777779,59226.47999999998,SN Ia-91T,0.10579
ZTF21aaahyjj,195.67229166666664,3.8039166666666664,59230.47999999998,SN Ia-91T,0.095
ZTF21aaahzpr,177.29833333333332,-2.2864444444444443,59225.47999999998,SN Ia,0.09
ZTF21aaaotku,195.7410833333333,31.060555555555556,59227.470000000205,SN Ia,0.08792
ZTF21aaaoviv,204.0048333333333,22.646527777777777,59227.470000000205,SN Ia,0.06588
ZTF21aabvdjw,105.52308333333332,65.15461111111112,59233.27000000002,SN Ia,0.092
ZTF21aacscvb,137.84079166666666,77.56016666666666,59233.33999999985,SN Ia,0.07
ZTF21aaezixn,129.22237499999997,-5.917694444444445,59248.37999999989,SN Ia,0.04
ZTF21aagocor,134.87324999999996,-2.927111111111111,59260.37000000011,SN Ia,0.06
ZTF21aagqcnl,184.14475,33.526555555555554,59258.37999999989,SN Ia,0.02151
ZTF21aagtcgb,224.32533333333328,43.459694444444445,59256.450000000186,SN Ia,0.0375
ZTF21aagtqgz,255.766,33.54380555555555,59264.54000000004,SN Ia-91T,0.06232
ZTF21aagtuzm,236.63324999999998,22.537444444444446,59264.5,SN Ia,0.042
ZTF21aagvmqr,102.09366666666665,64.7863888888889,59249.31999999983,SN Ia,0.03552
ZTF21aagxmcs,154.08045833333333,-1.7874722222222221,59262.31999999983,SN Ia,0.085
ZTF21aagycmk,198.42404166666665,57.26219444444445,59249.41000000015,SN Ia,0.08
ZTF21aahkvem,109.8030833333333,56.53208333333333,59268.200000000186,SN Ia,0.07
ZTF21aahptas,200.67954166666664,-2.169388888888889,59264.41000000015,SN Ia,0.07623
ZTF21aahptim,196.60899999999995,0.27794444444444444,59264.41000000015,SN Ia,0.09035
ZTF21aahvuvi,128.68341666666663,35.692611111111106,59265.39000000013,SN Ia,0.07829
ZTF21aahzspd,148.0047083333333,21.174111111111113,59266.279999999795,SN Ia,0.11
ZTF21aaigqir,211.50587499999997,-7.772333333333333,59264.50999999978,SN Ia,0.07118
ZTF21aajdbhw,124.55375,10.890222222222222,59267.22999999998,SN Ia,0.04
ZTF21aajtszm,185.94629166666664,-0.8864166666666666,59270.39999999991,SN Ia,0.06
ZTF21aakildf,130.36195833333332,44.14619444444445,59273.299999999814,SN Ia,0.081
ZTF21aakzmaq,129.87129166666668,-1.4080555555555554,59273.279999999795,SN Ia,0.036
ZTF21aalcsng,216.88679166666662,15.524916666666668,59269.37000000011,SN Ia,0.05364
ZTF21aalgqsv,154.08237499999998,0.6521388888888889,59275.310000000056,SN Ia,0.07935
ZTF21aalgszc,162.600625,0.9269166666666666,59276.33999999985,SN Ia,0.05422
ZTF21aalimtr,183.23233333333332,62.827222222222225,59272.39999999991,SN Ia,0.05134
ZTF21aalkknw,229.6965833333333,27.4325,59273.43000000017,SN Ia,0.1
ZTF21aaloalc,237.571375,8.359361111111111,59275.47999999998,SN Ia,0.0594
ZTF21aalxpnl,211.69229166666662,6.371555555555555,59264.41000000015,SN Ia,0.08175
ZTF21aalxurs,200.51099999999997,54.690916666666666,59272.39000000013,SN Ia,0.07935
ZTF21aalydkl,221.76241666666664,0.47575,59278.50999999978,SN Ia,0.056
ZTF21aamesud,211.0527083333333,27.626166666666666,59266.47999999998,SN Ia,0.0368
ZTF21aamgcrv,223.27904166666661,3.5372777777777777,59278.50999999978,SN Ia,0.03341
ZTF21aamgrtx,235.2035833333333,17.88513888888889,59274.419999999925,SN Ia,0.0444
ZTF21aamgrxm,240.22591666666665,8.089416666666667,59267.419999999925,SN Ia-pec,0.0401
ZTF21aamiukc,132.91287499999999,23.935944444444445,59274.20999999996,SN Ia,0.078
ZTF21aamkxbl,216.18104166666663,-1.5703055555555556,59274.439999999944,SN Ia,0.05715
ZTF21aamokak,134.07795833333333,-0.4421111111111111,59281.31999999983,SN Ia,0.012
ZTF21aamuniy,186.23929166666667,6.0978055555555555,59275.439999999944,SN Ia,0.08
ZTF21aanrvcq,248.29825,9.567166666666667,59291.37999999989,SN Ia-91T,0.068
ZTF21aantxma,160.47695833333333,58.250055555555555,59291.279999999795,SN Ia,0.07023
ZTF21aanwfjk,233.79166666666666,35.620305555555554,59282.50999999978,SN Ia,0.06507
ZTF21aaodljj,129.12008333333333,74.16636111111112,59293.16000000015,SN Ia,0.053
ZTF21aaopqqk,280.4602916666666,61.25641666666667,59291.50999999978,SN Ia,0.0705
ZTF21aaovdlh,130.34449999999998,2.8898055555555557,59293.14999999991,SN Ia,0.056
ZTF21aapehpx,160.1597083333333,78.91208333333334,59309.189999999944,SN Ia,0.034
ZTF21aapfpod,196.6200833333333,56.634166666666665,59290.31999999983,SN Ia,0.06178
ZTF21aapjcqb,196.67241666666663,9.33175,59303.35999999987,SN Ia,0.07
ZTF21aapkfjx,227.77462499999996,5.107277777777777,59302.35999999987,SN Ia,0.035
ZTF21aaplfah,203.24758333333332,32.60958333333333,59293.25999999978,SN Ia,0.0358
ZTF21aapowty,149.1374583333333,0.7522777777777778,59306.37000000011,SN Ia,0.04621
ZTF21aappktx,159.32570833333332,-5.160611111111112,59304.20999999996,SN Ia,0.07
ZTF21aaptouk,246.409625,30.159555555555553,59300.43000000017,SN Ia,0.095
ZTF21aapvsxv,245.54179166666663,21.22222222222222,59303.43000000017,SN Ia,0.03206
ZTF21aapvxnf,281.88225,64.46883333333334,59304.5,SN Ia-91T,0.085
ZTF21aaqdxzv,235.65449999999998,6.854527777777777,59302.39000000013,SN Ia,0.07036
ZTF21aaqvuyf,128.392,64.58522222222221,59312.29000000004,SN Ia,0.053
ZTF21aaqztcg,252.1713333333333,21.99716666666667,59316.39999999991,SN Ia,0.057
ZTF21aarcldd,219.2744583333333,34.63305555555556,59309.330000000075,SN Ia,0.084
ZTF21aareexg,166.4188333333333,-5.637361111111111,59317.189999999944,SN Ia,0.105
ZTF21aarguvb,175.51699999999997,-4.212416666666667,59338.20999999996,SN Ia,0.055
ZTF21aarhnwn,178.52487499999998,-6.601583333333333,59321.27000000002,SN Ia,0.049
ZTF21aarhzdh,205.87804166666663,9.623416666666667,59319.41000000015,SN Ia,0.06975
ZTF21aarjczf,254.30104166666666,30.50438888888889,59320.47999999998,SN Ia,0.06
ZTF21aarojxa,184.676875,53.998583333333336,59321.29000000004,SN Ia,0.08872
ZTF21aarrplo,178.61120833333334,55.073972222222224,59323.29000000004,SN Ia,0.04624
ZTF21aarrwdu,226.25316666666666,5.793638888888888,59315.37999999989,SN Ia,0.033
ZTF21aasbxng,214.7613333333333,-7.390583333333334,59315.35000000009,SN Ia,0.041
ZTF21aasctwo,271.9237083333333,40.83302777777778,59317.45999999996,SN Ia,0.066
ZTF21aasgffc,118.83116666666666,41.144555555555556,59323.18000000017,SN Ia,0.07
ZTF21aastazz,110.7268333333333,46.495555555555555,59323.200000000186,SN Ia,0.053
ZTF21aasuazz,174.46070833333332,-7.2283333333333335,59323.22999999998,SN Ia,0.05573
ZTF21aaswtok,241.41245833333326,3.071888888888889,59325.45999999996,SN Ia,0.041
ZTF21aasyzkt,167.76399999999998,55.130805555555554,59328.31999999983,SN Ia,0.062
ZTF21aatdzmt,227.36529166666665,36.81744444444445,59323.299999999814,SN Ia,0.076
ZTF21aatklhw,215.86879166666665,51.91772222222222,59325.310000000056,SN Ia,0.06689
ZTF21aatnxwt,164.94879166666664,-7.007694444444445,59329.22999999998,SN Ia-91T,0.11
ZTF21aauamtx,269.5302499999999,63.65819444444444,59329.39000000013,SN Ia,0.09
ZTF21aaunadg,278.927125,51.122166666666665,59334.470000000205,SN Ia,0.02
ZTF21aavhlok,242.8437083333333,28.87311111111111,59328.35000000009,SN Ia-91T,0.11
ZTF21aavotzn,152.7925833333333,54.550638888888884,59329.20999999996,SN Iax,0.04
ZTF21aavqphe,224.43666666666664,6.624333333333333,59336.29000000004,SN Ia,0.021
ZTF21aavqwhh,277.52104166666663,35.43405555555555,59334.45999999996,SN Ia,0.07
ZTF21aawckpe,198.85349999999997,1.128638888888889,59334.330000000075,SN Ia,0.047
ZTF21aawiwqh,244.4734583333333,32.10908333333334,59334.35999999987,SN Ia,0.063
ZTF21aawlwoy,157.06254166666665,10.665833333333333,59338.169999999925,SN Ia,0.05032
ZTF21aawtewf,235.83783333333332,42.153638888888885,59336.29000000004,SN Ia,0.103
ZTF21aawzsew,199.96666666666664,7.760527777777778,59336.279999999795,SN Ia,0.04931
ZTF21aaxgzln,139.599625,39.380944444444445,59338.18000000017,SN Ia,0.02758
ZTF21aaxstsv,215.87829166666663,8.344888888888889,59340.35000000009,SN Ia,0.09
ZTF21aaxtrlt,219.09637499999997,-0.5842222222222223,59343.27000000002,SN Ia-91T,0.08
ZTF21aaxyecd,194.2534583333333,40.43444444444444,59348.25999999978,SN Ia,0.06124
ZTF21aaxzbrn,261.6062083333333,29.126166666666666,59345.39999999991,SN Ia,0.07
ZTF21aaydwzt,204.44808333333333,1.32925,59348.33999999985,SN Ia,nan
ZTF21aayggyo,251.48399999999995,2.4590833333333335,59345.439999999944,SN Ia,0.09
ZTF21aayquba,246.30229166666666,32.94233333333333,59349.37000000011,SN Ia,0.09
ZTF21aayyxum,160.38383333333334,52.65102777777778,59353.20999999996,SN Ia,0.06437
ZTF21aazcjbh,243.0821666666666,26.783472222222223,59354.41000000015,SN Ia,0.1
ZTF21aazlxiw,246.50241666666665,28.427444444444447,59353.35999999987,SN Ia,0.1
ZTF21abaaipx,317.31795833333325,5.826138888888889,59352.45999999996,SN Ia,0.073
ZTF21abaphri,285.41074999999995,60.84997222222223,59356.39000000013,SN Ia,0.06
ZTF21abasxdp,209.67616666666663,43.12502777777778,59354.25999999978,SN Ia,0.07
ZTF21abatolf,222.59175,2.1919166666666663,59362.27000000002,SN Ia,0.0449
ZTF21abbewsz,192.3462083333333,-4.125666666666667,59359.20999999996,SN Ia,0.075
ZTF21abbkglo,235.08899999999997,7.2815,59363.33999999985,SN Ia,0.03812
ZTF21abbliav,322.8865833333333,11.148972222222222,59359.450000000186,SN Ia,0.049
ZTF21abbsbov,222.24029166666665,18.326694444444446,59362.22999999998,SN Ia,0.04209
ZTF21abbzcxe,217.06633333333332,-1.9821388888888891,59363.27000000002,SN Ia,0.055
ZTF21abbzqvv,248.18491666666665,30.061583333333335,59369.37000000011,SN Ia,0.076
ZTF21abcbwke,201.7909583333333,15.09538888888889,59358.39000000013,SN Ia,0.02355
ZTF21abcfgub,178.50104166666665,56.991194444444446,59367.25999999978,SN Ia,0.078
ZTF21abchdql,342.5803333333333,27.860555555555557,59370.450000000186,SN Ia,0.083
ZTF21abcmjdy,191.5375,0.9862777777777777,59370.220000000205,SN Ia,0.095
ZTF21abcnpnk,259.64191666666665,23.341277777777776,59369.37000000011,SN Ia,0.099
ZTF21abcouxj,201.7235,37.77275,59372.200000000186,SN Ia,0.06218
ZTF21abcpazz,230.7367083333333,31.82525,59371.20999999996,SN Ia,0.118
ZTF21abcrhbt,313.98524999999995,10.437,59371.41000000015,SN Ia,0.089
ZTF21abcrhpk,322.36691666666667,4.887472222222222,59374.39999999991,SN Ia,0.0744
ZTF21abcwsho,239.18366666666665,25.67402777777778,59378.299999999814,SN Ia,0.07408
ZTF21abczjhy,245.8075416666666,26.475916666666667,59378.299999999814,SN Ia,0.06452
ZTF21abdlvxh,227.45362499999996,0.5335,59379.299999999814,SN Ia,0.03907
ZTF21abdlyrc,220.20866666666663,42.25322222222222,59383.22999999998,SN Ia,0.08
ZTF21abedvkp,205.01779166666665,47.43997222222222,59382.200000000186,SN Ia,0.13
ZTF21abeokcr,238.5240833333333,24.594749999999998,59382.299999999814,SN Ia,0.07024
ZTF21abfflmp,324.74449999999996,22.672583333333336,59391.39999999991,SN Ia-91T,0.107
ZTF21abfjrjy,226.7127083333333,23.331055555555555,59381.37999999989,SN Ia,0.07405
ZTF21abflgpq,349.78304166666663,31.101305555555555,59390.39000000013,SN Ia,0.051
ZTF21abfxjik,347.4358333333333,-7.576444444444444,59386.37999999989,SN Ia,0.08
ZTF21abgmyzw,239.22599999999997,17.30927777777778,59390.22999999998,SN Ia,0.088
ZTF21abhtaiv,265.49295833333326,47.10447222222222,59396.299999999814,SN Ia,0.081
ZTF21abhthvj,323.05145833333336,-10.410555555555556,59396.439999999944,SN Ia,0.0689
ZTF21abhuqpe,203.27637499999997,32.59180555555556,59402.22999999998,SN Ia,0.03455
ZTF21abiawpf,212.64862499999998,43.17572222222222,59405.220000000205,SN Ia,0.073
ZTF21abicabp,2.057291666666666,32.09144444444445,59401.439999999944,SN Ia,0.079
ZTF21abienbe,317.7103333333333,5.071194444444444,59403.35000000009,SN Ia-91T,0.029
ZTF21abifxhe,215.25991666666664,48.04058333333333,59406.200000000186,SN Ia,0.075
ZTF21abisowq,260.45687499999997,24.952388888888887,59409.279999999795,SN Ia,0.062
ZTF21abjbnhh,228.00487499999997,-3.222277777777778,59415.189999999944,SN Ia,0.02161
ZTF21abjdiok,248.9359583333333,13.93975,59418.20999999996,SN Ia,0.074
ZTF21abjdqbo,260.67337499999996,63.18630555555555,59410.35000000009,SN Ia,0.075
ZTF21abjrptn,310.9254166666666,5.320749999999999,59415.419999999925,SN Ia,0.05
ZTF21abjtqyq,265.3429166666666,38.427416666666666,59415.279999999795,SN Ia,0.097
ZTF21abkavmp,235.8635833333333,7.906805555555556,59414.25,SN Ia,0.03667
ZTF21abkintm,245.9823333333333,2.9659166666666668,59412.37000000011,SN Ia,0.074
ZTF21abkrteb,215.58333333333331,47.934194444444444,59419.200000000186,SN Ia,0.07295
ZTF21ablqsnv,229.01891666666666,19.860361111111114,59423.22999999998,SN Ia,0.04929
ZTF21abmdhes,19.502416666666665,-1.579361111111111,59427.439999999944,SN Ia,0.04
ZTF21abmfrad,308.7741666666666,3.438138888888889,59426.31999999983,SN Ia,0.046
ZTF21abmwmnp,336.50791666666663,28.83663888888889,59426.35999999987,SN Ia,0.096
ZTF21abnspht,216.85266666666664,46.20019444444445,59423.25999999978,SN Ia,0.07493
ZTF21abnvsic,257.1794583333333,39.53527777777778,59429.279999999795,SN Ia,0.072
ZTF21abotuqo,278.032,49.34744444444445,59429.310000000056,SN Ia,0.074
ZTF21abovblm,38.92520833333333,1.2239444444444445,59430.470000000205,SN Ia,0.068
ZTF21abpapvy,341.6678749999999,15.38113888888889,59435.37000000011,SN Ia,0.088
ZTF21abqftqr,275.5138749999999,36.622305555555556,59443.25999999978,SN Ia,0.02824
ZTF21abqpwpu,1.8247499999999999,0.8383055555555556,59440.419999999925,SN Ia,0.108
ZTF21abqsysj,335.5215833333333,19.87666666666667,59446.419999999925,SN Ia-91T,0.04
ZTF21abrhggj,283.3122083333333,59.90086111111111,59446.43000000017,SN Ia,0.08
ZTF21abrlslx,323.6169583333333,10.344416666666667,59448.31999999983,SN Ia,0.07607
ZTF21abrssvd,262.39029166666666,24.88736111111111,59447.22999999998,SN Ia,0.091
ZTF21abrxoir,340.6024583333333,6.960666666666667,59455.31999999983,SN Ia,0.02665
ZTF21abrzdqx,28.563249999999996,2.3041388888888887,59449.37000000011,SN Ia,0.066
ZTF21abtgbwr,322.29404166666666,6.1601944444444445,59453.279999999795,SN Ia,0.083
ZTF21abtwvyl,9.077249999999998,10.55738888888889,59458.35999999987,SN Ia-pec,0.03
ZTF21abufayv,12.033958333333333,24.44077777777778,59456.330000000075,SN Ia,0.085
ZTF21abujefa,262.6759583333333,41.549055555555555,59460.279999999795,SN Ia-91T,0.088
ZTF21abukrln,18.947374999999997,1.5058333333333334,59460.41000000015,SN Ia,0.08
ZTF21abulrsl,72.76724999999999,-5.956888888888889,59460.45999999996,SN Ia-91bg,0.0478
ZTF21abuxuxj,56.17312499999999,-10.194666666666667,59459.439999999944,SN Ia,0.02
ZTF21abvbihc,270.67062500000003,42.79588888888889,59460.200000000186,SN Ia,0.05018
ZTF21abvrlup,323.19979166666667,-8.479888888888889,59469.189999999944,SN Ia,0.095
ZTF21abvxguf,56.02862499999999,-11.611388888888888,59464.47999999998,SN Ia,0.076
ZTF21abwprfg,267.09412499999996,33.68963888888889,59468.18000000017,SN Ia,0.083
ZTF21abwtnzp,352.56154166666664,3.192333333333333,59476.35000000009,SN Ia,0.064
ZTF21abwzpgf,9.697624999999999,32.41422222222222,59474.29000000004,SN Ia,0.03756
ZTF21abxdact,34.58749999999999,10.138,59465.470000000205,SN Ia,0.04
ZTF21abxlpkc,14.44008333333333,8.75286111111111,59477.31999999983,SN Ia,0.0661
ZTF21abxzzys,248.96116666666663,38.37613888888889,59480.200000000186,SN Ia,0.09887
ZTF21abybnni,328.5653333333333,-8.615666666666666,59473.35999999987,SN Ia,0.07481
ZTF21abylukk,335.56133333333327,-5.537916666666667,59480.31999999983,SN Ia,0.082
ZTF21abyvjeq,313.0487083333333,-1.593138888888889,59478.20999999996,SN Ia,0.1
ZTF21abywdxt,326.50358333333327,21.96261111111111,59478.31999999983,SN Ia,0.07
ZTF21abzkgvc,61.269208333333324,-1.9576666666666667,59479.41000000015,SN Ia,0.098
ZTF21abzxkyv,248.98541666666662,29.067305555555556,59478.14999999991,SN Ia,0.08571
ZTF21abzywja,257.9757916666667,34.153638888888885,59478.189999999944,SN Ia,0.084
ZTF21acaspdb,268.13275,25.306472222222222,59477.14999999991,SN Ia,0.06065
ZTF21acasrer,274.4103333333333,35.789833333333334,59478.14000000013,SN Ia,0.064
ZTF21acbntop,57.85249999999999,-17.328722222222222,59477.37999999989,SN Ia,0.06744
ZTF21acbvwej,32.389041666666664,-1.1377777777777778,59486.310000000056,SN Ia,0.08662
ZTF21acbxtir,125.237875,58.85691666666667,59487.5,SN Ia,0.028
ZTF21acbxtqq,109.94879166666665,32.13294444444445,59479.5,SN Ia,0.046
ZTF21accibae,8.794624999999998,1.628861111111111,59485.299999999814,SN Ia,0.066
ZTF21acclizu,268.06291666666664,39.70891666666667,59488.14000000013,SN Ia,0.045
ZTF21accteto,9.972624999999999,30.01683333333333,59488.299999999814,SN Ia,0.09316
ZTF21acdcxfz,45.13141666666666,-14.955694444444443,59496.35999999987,SN Ia,0.032
ZTF21acdkxcr,256.82829166666664,19.333944444444445,59485.20999999996,SN Ia,0.112
ZTF21acdwvwo,278.10891666666663,51.56877777777778,59490.18000000017,SN Ia,0.028
ZTF21acenkuf,342.5469166666666,30.36327777777778,59504.299999999814,SN Ia,0.01231
ZTF21aceqgbv,113.68362499999998,74.37627777777777,59496.37000000011,SN Ia,0.081
ZTF21acfiqtd,121.84920833333334,54.194222222222216,59500.450000000186,SN Ia,0.0824
ZTF21acfslmr,340.74770833333326,7.06025,59502.25999999978,SN Ia,0.0699
ZTF21achiyue,136.00124999999997,8.135555555555555,59509.5,SN Ia,0.09
ZTF21achjwus,157.97975,49.365500000000004,59509.50999999978,SN Ia,0.05212
ZTF21acimjvp,19.524541666666664,7.3253055555555555,59517.220000000205,SN Ia,0.047
ZTF21acincqb,10.8995,30.592305555555555,59520.25999999978,SN Ia-91bg,0.01808
ZTF21acindcq,355.00645833333334,27.277083333333334,59522.24000000022,SN Ia,0.031
ZTF21acinvvh,72.46083333333331,0.5669166666666666,59521.37999999989,SN Ia,0.0675
ZTF21acipofv,134.6985,1.8429166666666668,59518.450000000186,SN Ia,0.05814
ZTF21acisemu,354.0557083333333,9.688055555555556,59520.22999999998,SN Ia,0.044
ZTF21aciuhyy,5.1111249999999995,29.449305555555554,59525.20999999996,SN Ia,0.097
ZTF21acjcwyn,312.4690416666666,3.341416666666667,59529.10999999987,SN Ia,0.1
ZTF21acjgafq,21.38570833333333,8.618694444444445,59531.25,SN Ia,0.04965
ZTF21acjnzdh,102.10187499999998,77.86269444444444,59527.299999999814,SN Ia,0.095
ZTF21acjotip,162.601,47.43358333333333,59529.50999999978,SN Ia,0.07917
ZTF21acljfzt,160.71474999999995,0.8648888888888888,59532.52000000002,SN Ia,0.07
ZTF21acmresp,164.0933333333333,1.0482777777777779,59532.52000000002,SN Ia,0.07
