ZTF18aaermez
ZTF18aaizerg
ZTF18aajivpr
ZTF18aangpkx
ZTF18aanygjk
ZTF18aaoufjt
ZTF18aaqskoy
ZTF18aaqydat
ZTF18aarwxum
ZTF18aatezaj
ZTF18aatjfoe
ZTF18aatrkga
ZTF18aaunfqq
ZTF18aavvnzu
ZTF18aawjywv
ZTF18aaxdrjn
ZTF18aaxkjmm
ZTF18aaxmhvk
ZTF18aaxvpsw
ZTF18aaybfsd
ZTF18aaydmkh
ZTF18aayjvve
ZTF18abaxlpi
ZTF18abckujg
ZTF18abcsgvj
ZTF18abcyilc
ZTF18abcysdx
ZTF18abdefet
ZTF18abdfazk
ZTF18abetehf
ZTF18abetejo
ZTF18abetewu
ZTF18abfeyey
ZTF18abfgygp
ZTF18abfwuwn
ZTF18abgxvra
ZTF18abifioh
ZTF18abjstcm
ZTF18abjvhec
ZTF18abkhcwl
ZTF18abkudjo
ZTF18ablongw
ZTF18ablqlzp
ZTF18ablrljh
ZTF18ablwtkf
ZTF18abmjvpb
ZTF18abmkaps
ZTF18abmmdif
ZTF18abmxahs
ZTF18abobkii
ZTF18abpaywm
ZTF18abqlpgq
ZTF18abqyaix
ZTF18abrfccm
ZTF18abrzeym
ZTF18abwkzuc
ZTF18abxhsyn
ZTF18acbxmvy
ZTF18aceyjco
ZTF18acmyxfx
ZTF18acnbenl
ZTF18acpuxuh
ZTF18acqqyah
ZTF18acqsfxh
ZTF18acqsztr
ZTF18acrxppd
ZTF18acsohut
ZTF18acspjqd
ZTF18acsxpmp
ZTF18acusbdy
ZTF18acusbyf
ZTF18acusrws
ZTF18acwwowy
ZTF18acxyarg
ZTF18acybdar
ZTF18acynmcp
ZTF19aaarhtg
ZTF19aabvfwn
ZTF19aacijie
ZTF19aacivvy
ZTF19aaekvhn
ZTF19aaeopqn
ZTF19aaeoqkk
ZTF19aaeoqst
ZTF19aafmfxg
ZTF19aafmhcl
ZTF19aafwrhf
ZTF19aagmsrr
ZTF19aailqli
ZTF19aailteb
ZTF19aajwhbc
ZTF19aakiyly
ZTF19aakljys
ZTF19aaknign
ZTF19aaldqvh
ZTF19aaluprf
ZTF19aalveag
ZTF19aalzmmt
ZTF19aamfxby
ZTF19aamhhae
ZTF19aamhhyo
ZTF19aamkywr
ZTF19aammewd
ZTF19aamooex
ZTF19aanejfr
ZTF19aanesxt
ZTF19aanhgqg
ZTF19aanmclt
ZTF19aanmdsr
ZTF19aanmeyw
ZTF19aansyyn
ZTF19aanuipr
ZTF19aanuuen
ZTF19aanxrkt
ZTF19aaobwpx
ZTF19aaojnrx
ZTF19aaomkvl
ZTF19aapcvdi
ZTF19aapcvxi
ZTF19aaphntn
ZTF19aapnzde
ZTF19aapszzy
ZTF19aaptwpu
ZTF19aapvhhp
ZTF19aaqtcmy
ZTF19aaqtyku
ZTF19aardunx
ZTF19aarfnto
ZTF19aarhxgn
ZTF19aarmtgu
ZTF19aarprog
ZTF19aatgwhs
ZTF19aatgznl
ZTF19aathcvn
ZTF19aatlmbo
ZTF19aauhhjy
ZTF19aauhwbp
ZTF19aauitks
ZTF19aaumvig
ZTF19aauplxw
ZTF19aaurstb
ZTF19aauvjws
ZTF19aavhxby
ZTF19aavhypb
ZTF19aavmlqh
ZTF19aavnxwj
ZTF19aavounq
ZTF19aavsahh
ZTF19aawafvn
ZTF19aawhniz
ZTF19aawmqtd
ZTF19aawnqoj
ZTF19aawqckx
ZTF19aawrumx
ZTF19aawyepw
ZTF19aaxffum
ZTF19aaxfzao
ZTF19aaycomi
ZTF19aayjsty
ZTF19aayslow
ZTF19aazdirb
ZTF19aazgdss
ZTF19aazgpar
ZTF19aaziick
ZTF19aazlsfj
ZTF19aazxcvl
ZTF19aazzpje
ZTF19abafrvy
ZTF19abaosan
ZTF19abaukyt
ZTF19abbvzgr
ZTF19abcfzdy
ZTF19abcnpkt
ZTF19abctnpk
ZTF19abeizmo
ZTF19abetjcx
ZTF19abeytzv
ZTF19abfaqqo
ZTF19abfdsbu
ZTF19abfibel
ZTF19abfvhlx
ZTF19abgafkt
ZTF19abgbkwv
ZTF19abgcbey
ZTF19abgfrbl
ZTF19abgppki
ZTF19abgprpq
ZTF19abguzsx
ZTF19abheamc
ZTF19abhiayh
ZTF19abhjhes
ZTF19abhzewi
ZTF19abirbpd
ZTF19abitbcj
ZTF19abitljz
ZTF19abjozed
ZTF19abjslyw
ZTF19ablfcjr
ZTF19ablpnmk
ZTF19abmzord
ZTF19abnimpq
ZTF19abnmrqt
ZTF19abnoxud
ZTF19abomiel
ZTF19abovtfk
ZTF19abozuxh
ZTF19abpbbxx
ZTF19abpbqor
ZTF19abplfxs
ZTF19abpxcaf
ZTF19abpyjqx
ZTF19abqhikf
ZTF19abqlrtb
ZTF19abqqmui
ZTF19abqviuy
ZTF19absfopz
ZTF19abuayqg
ZTF19abuonnx
ZTF19aburnqh
ZTF19abuxhqc
ZTF19abvhduf
ZTF19abvjcii
ZTF19abwsecm
ZTF19abwsxug
ZTF19abxdnhr
ZTF19abyhxzp
ZTF19abymhad
ZTF19abymvpq
ZTF19abzfmak
ZTF19abzkexb
ZTF19abzlsbl
ZTF19abzvvkb
ZTF19abzzgec
ZTF19abzzhsa
ZTF19acbmjrp
ZTF19acbpwwg
ZTF19acbswdq
ZTF19acbunmk
ZTF19acbvquo
ZTF19acchjle
ZTF19acckggd
ZTF19accstol
ZTF19acdihrz
ZTF19acennqf
ZTF19acetzrc
ZTF19acexijn
ZTF19acfecsg
ZTF19acfmwlh
ZTF19acfrntd
ZTF19acftaml
ZTF19acgaxej
ZTF19acgdxel
ZTF19acgjnfz
ZTF19acgjosf
ZTF19acgrbeb
ZTF19achagst
ZTF19achajnc
ZTF19achejoc
ZTF19achtewn
ZTF19acjnaxa
ZTF19ackjlrd
ZTF19aclhohd
ZTF19acmvrsw
ZTF19acngsnb
ZTF19acnzkph
ZTF19acokzjy
ZTF19acordoi
ZTF19acqehbt
ZTF19acrbyzj
ZTF19acvijnj
ZTF19acvlycr
ZTF19acvrigb
ZTF19acwiqrc
ZTF19acxguhd
ZTF19acxgwid
ZTF19acxovkl
ZTF19acxyfkf
ZTF19acyitga
ZTF19acykjcw
ZTF19acyqdxa
ZTF19aczjsqn
ZTF19aczllns
ZTF19adafqoe
ZTF19adaiyrd
ZTF19adbricc
ZTF19adcdtkw
ZTF19adcecwu
ZTF20aaawmxq
ZTF20aaaxacu
ZTF20aabqdbo
ZTF20aabqjht
ZTF20aacbtgq
ZTF20aadvaoi
ZTF20aaerxsd
ZTF20aaezaxk
ZTF20aafciit
ZTF20aafcjln
ZTF20aafcmfi
ZTF20aafjjqj
ZTF20aagfjlj
ZTF20aaghlkv
ZTF20aaglivt
ZTF20aagloch
ZTF20aahfobk
ZTF20aahjymt
ZTF20aahptds
ZTF20aaideho
ZTF20aaifkyj
ZTF20aaifyrs
ZTF20aaifyvz
ZTF20aajvcwd
ZTF20aakfofq
ZTF20aakodiq
ZTF20aalrptc
ZTF20aambbfn
ZTF20aamdsjv
ZTF20aamknna
ZTF20aamknxn
ZTF20aamksoq
ZTF20aamkyyx
ZTF20aammbrw
ZTF20aammhli
ZTF20aammicx
ZTF20aammnnm
ZTF20aamqslk
ZTF20aamttni
ZTF20aansktb
ZTF20aansmsj
ZTF20aanvliy
ZTF20aaosoct
ZTF20aappghn
ZTF20aappgod
ZTF20aatzwgk
ZTF20aaumsrr
ZTF20aauonld
ZTF20aauowam
ZTF20aaurfcm
ZTF20aaurhio
ZTF20aautzig
ZTF20aauuiri
ZTF20aauwhyi
ZTF20aavhire
ZTF20aavnnat
ZTF20aavpnlv
ZTF20aavrloz
ZTF20aavzlxm
ZTF20aawoojh
ZTF20aaxccrm
ZTF20aaxfzhw
ZTF20aaxmtxg
ZTF20aaxuwuh
ZTF20aaxxcms
ZTF20aayjxdv
ZTF20aayvqhl
ZTF20aaywban
ZTF20aazhtvi
ZTF20aazhzna
ZTF20aazkxcw
ZTF20aazooyu
ZTF20aazoqmh
ZTF20aazpoif
ZTF20aazpwen
ZTF20aazquhc
ZTF20aazstdx
ZTF20abapyxl
ZTF20abasxmb
ZTF20abatdly
ZTF20abatfzl
ZTF20abawgdl
ZTF20abawntz
ZTF20abbihor
ZTF20abcgjvq
ZTF20abeeahl
ZTF20abeeyre
ZTF20abeeyrs
ZTF20abefaya
ZTF20abefdvd
ZTF20abefzfc
ZTF20abegate
ZTF20abegopd
ZTF20abeljuj
ZTF20abfhway
ZTF20abfqeef
ZTF20abgdtmv
ZTF20abgfvav
ZTF20abguygh
ZTF20abhmnom
ZTF20abixkhh
ZTF20abjbiqf
ZTF20abjwuuv
ZTF20abjxwga
ZTF20abkcril
ZTF20abkzhpk
ZTF20ablnjvp
ZTF20abmcwtd
ZTF20abnmahn
ZTF20abowpvf
ZTF20abpeyat
ZTF20abpqdgh
ZTF20abpuijn
ZTF20abqefja
ZTF20abqgzhh
ZTF20abqlawg
ZTF20abqlgtv
ZTF20abrdvpj
ZTF20absfrbq
ZTF20absvtnc
ZTF20abswjae
ZTF20abtfnpl
ZTF20abvykmy
ZTF20abweedo
ZTF20abwktfx
ZTF20abxezim
ZTF20abxgwjr
ZTF20abxjefm
ZTF20abyfgri
ZTF20abyiycy
ZTF20abypkpz
ZTF20abyqdyg
ZTF20abyskia
ZTF20abywspv
ZTF20abyxuky
ZTF20abyyfmw
ZTF20abyzbxa
ZTF20abzvxyk
ZTF20acajvrj
ZTF20acberfr
ZTF20acbttnt
ZTF20acchxpm
ZTF20acfasbq
ZTF20acfnuee
ZTF20acfvsze
ZTF20acgpqqr
ZTF20achaxvo
ZTF20achbkud
ZTF20achksbc
ZTF20achncxi
ZTF20achzugy
ZTF20aciaxil
ZTF20acikuon
ZTF20aciuakv
ZTF20aciugdl
ZTF20acizliy
ZTF20acjetyf
ZTF20acjhhqx
ZTF20aclgnds
ZTF20acnsinb
ZTF20acnyxln
ZTF20acoaqpm
ZTF20acobxlz
ZTF20acordqz
ZTF20acowata
ZTF20acowpur
ZTF20acowuix
ZTF20acoxdas
ZTF20acoxmsr
ZTF20acoyvdg
ZTF20acphcdv
ZTF20acpjfln
ZTF20acpkjsn
ZTF20acpknjk
ZTF20acpumut
ZTF20acquetr
ZTF20acqzjqz
ZTF20acqzpta
ZTF20acrhrcy
ZTF20acsdykp
ZTF20acselme
ZTF20acsesce
ZTF20actljfs
ZTF20actoakx
ZTF20actvlbq
ZTF20acuimtq
ZTF20aculruc
ZTF20acuosvy
ZTF20acusneh
ZTF20acvagdq
ZTF20acvbrbv
ZTF20acvkjrm
ZTF20acwfanr
ZTF20acwfcfs
ZTF20acwoamm
ZTF20acwomqh
ZTF20acwpaov
ZTF20acwyoxc
ZTF20acxncha
ZTF20acxtewc
ZTF20acyrodl
ZTF20acywbes
ZTF20acywefl
ZTF20acyxrez
ZTF20acyyavb
ZTF20adadmsg
ZTF20adadshh
ZTF21aaabaey
ZTF21aaabviz
ZTF21aaabvjk
ZTF21aaabzsj
ZTF21aaahliy
ZTF21aaahyjj
ZTF21aaahzpr
ZTF21aaaotku
ZTF21aaaoviv
ZTF21aabvdjw
ZTF21aacscvb
ZTF21aaezixn
ZTF21aagocor
ZTF21aagqcnl
ZTF21aagtcgb
ZTF21aagtqgz
ZTF21aagtuzm
ZTF21aagvmqr
ZTF21aagxmcs
ZTF21aagycmk
ZTF21aahkvem
ZTF21aahptas
ZTF21aahptim
ZTF21aahvuvi
ZTF21aahzspd
ZTF21aaigqir
ZTF21aajdbhw
ZTF21aajtszm
ZTF21aakildf
ZTF21aakzmaq
ZTF21aalcsng
ZTF21aalgqsv
ZTF21aalgszc
ZTF21aalimtr
ZTF21aalkknw
ZTF21aaloalc
ZTF21aalxpnl
ZTF21aalxurs
ZTF21aalydkl
ZTF21aamesud
ZTF21aamgcrv
ZTF21aamgrtx
ZTF21aamgrxm
ZTF21aamiukc
ZTF21aamkxbl
ZTF21aamokak
ZTF21aamuniy
ZTF21aanrvcq
ZTF21aantxma
ZTF21aanwfjk
ZTF21aaodljj
ZTF21aaopqqk
ZTF21aaovdlh
ZTF21aapehpx
ZTF21aapfpod
ZTF21aapjcqb
ZTF21aapkfjx
ZTF21aaplfah
ZTF21aapowty
ZTF21aappktx
ZTF21aaptouk
ZTF21aapvsxv
ZTF21aapvxnf
ZTF21aaqdxzv
ZTF21aaqvuyf
ZTF21aaqztcg
ZTF21aarcldd
ZTF21aareexg
ZTF21aarguvb
ZTF21aarhnwn
ZTF21aarhzdh
ZTF21aarjczf
ZTF21aarojxa
ZTF21aarrplo
ZTF21aarrwdu
ZTF21aasbxng
ZTF21aasctwo
ZTF21aasgffc
ZTF21aastazz
ZTF21aasuazz
ZTF21aaswtok
ZTF21aasyzkt
ZTF21aatdzmt
ZTF21aatklhw
ZTF21aatnxwt
ZTF21aauamtx
ZTF21aaunadg
ZTF21aavhlok
ZTF21aavotzn
ZTF21aavqphe
ZTF21aavqwhh
ZTF21aawckpe
ZTF21aawiwqh
ZTF21aawlwoy
ZTF21aawtewf
ZTF21aawzsew
ZTF21aaxgzln
ZTF21aaxstsv
ZTF21aaxtrlt
ZTF21aaxyecd
ZTF21aaxzbrn
ZTF21aaydwzt
ZTF21aayggyo
ZTF21aayquba
ZTF21aayyxum
ZTF21aazcjbh
ZTF21aazlxiw
ZTF21abaaipx
ZTF21abaphri
ZTF21abasxdp
ZTF21abatolf
ZTF21abbewsz
ZTF21abbkglo
ZTF21abbliav
ZTF21abbsbov
ZTF21abbzcxe
ZTF21abbzqvv
ZTF21abcbwke
ZTF21abcfgub
ZTF21abchdql
ZTF21abcmjdy
ZTF21abcnpnk
ZTF21abcouxj
ZTF21abcpazz
ZTF21abcrhbt
ZTF21abcrhpk
ZTF21abcwsho
ZTF21abczjhy
ZTF21abdlvxh
ZTF21abdlyrc
ZTF21abedvkp
ZTF21abeokcr
ZTF21abfflmp
ZTF21abfjrjy
ZTF21abflgpq
ZTF21abfxjik
ZTF21abgmyzw
ZTF21abhtaiv
ZTF21abhthvj
ZTF21abhuqpe
ZTF21abiawpf
ZTF21abicabp
ZTF21abienbe
ZTF21abifxhe
ZTF21abisowq
ZTF21abjbnhh
ZTF21abjdiok
ZTF21abjdqbo
ZTF21abjrptn
ZTF21abjtqyq
ZTF21abkavmp
ZTF21abkintm
ZTF21abkrteb
ZTF21ablqsnv
ZTF21abmdhes
ZTF21abmfrad
ZTF21abmwmnp
ZTF21abnspht
ZTF21abnvsic
ZTF21abotuqo
ZTF21abovblm
ZTF21abpapvy
ZTF21abqftqr
ZTF21abqpwpu
ZTF21abqsysj
ZTF21abrhggj
ZTF21abrlslx
ZTF21abrssvd
ZTF21abrxoir
ZTF21abrzdqx
ZTF21abtgbwr
ZTF21abtwvyl
ZTF21abufayv
ZTF21abujefa
ZTF21abukrln
ZTF21abulrsl
ZTF21abuxuxj
ZTF21abvbihc
ZTF21abvrlup
ZTF21abvxguf
ZTF21abwprfg
ZTF21abwtnzp
ZTF21abwzpgf
ZTF21abxdact
ZTF21abxlpkc
ZTF21abxzzys
ZTF21abybnni
ZTF21abylukk
ZTF21abyvjeq
ZTF21abywdxt
ZTF21abzkgvc
ZTF21abzxkyv
ZTF21abzywja
ZTF21acaspdb
ZTF21acasrer
ZTF21acbntop
ZTF21acbvwej
ZTF21acbxtir
ZTF21acbxtqq
ZTF21accibae
ZTF21acclizu
ZTF21accteto
ZTF21acdcxfz
ZTF21acdkxcr
ZTF21acdwvwo
ZTF21acenkuf
ZTF21aceqgbv
ZTF21acfiqtd
ZTF21acfslmr
ZTF21achiyue
ZTF21achjwus
ZTF21acimjvp
ZTF21acincqb
ZTF21acindcq
ZTF21acinvvh
ZTF21acipofv
ZTF21acisemu
ZTF21aciuhyy
ZTF21acjcwyn
ZTF21acjgafq
ZTF21acjnzdh
ZTF21acjotip
ZTF21acljfzt
ZTF21acmresp
